#
# There is insufficient memory for the Java Runtime Environment to continue.
# Native memory allocation (malloc) failed to allocate 425136 bytes for Chunk::new
# Possible reasons:
#   The system is out of physical RAM or swap space
#   In 32 bit mode, the process size limit was hit
# Possible solutions:
#   Reduce memory load on the system
#   Increase physical memory or swap space
#   Check if swap backing store is full
#   Use 64 bit Java on a 64 bit OS
#   Decrease Java heap size (-Xmx/-Xms)
#   Decrease number of Java threads
#   Decrease Java thread stack sizes (-Xss)
#   Set larger code cache with -XX:ReservedCodeCacheSize=
# This output file may be truncated or incomplete.
#
#  Out of Memory Error (allocation.cpp:323), pid=7852, tid=17356
#
# JRE version: Java(TM) SE Runtime Environment (7.0_79-b15) (build 1.7.0_79-b15)
# Java VM: Java HotSpot(TM) 64-Bit Server VM (24.79-b02 mixed mode windows-amd64 compressed oops)
# Failed to write core dump. Minidumps are not enabled by default on client versions of Windows
#

---------------  T H R E A D  ---------------

Current thread (0x00000000085e0800):  JavaThread "C2 CompilerThread1" daemon [_thread_in_native, id=17356, stack(0x0000000009c50000,0x0000000009d50000)]

Stack: [0x0000000009c50000,0x0000000009d50000]

Current CompileTask:
C2:   8622  803             com.android.dx.dex.file.CodeItem::addContents (174 bytes)


---------------  P R O C E S S  ---------------

Java Threads: ( => current thread )
  0x00000000085e6800 JavaThread "Service Thread" daemon [_thread_blocked, id=20832, stack(0x0000000009d50000,0x0000000009e50000)]
=>0x00000000085e0800 JavaThread "C2 CompilerThread1" daemon [_thread_in_native, id=17356, stack(0x0000000009c50000,0x0000000009d50000)]
  0x00000000085df000 JavaThread "C2 CompilerThread0" daemon [_thread_in_native, id=14816, stack(0x0000000009b50000,0x0000000009c50000)]
  0x00000000085de000 JavaThread "Attach Listener" daemon [_thread_blocked, id=14480, stack(0x0000000009a50000,0x0000000009b50000)]
  0x00000000085d7800 JavaThread "Signal Dispatcher" daemon [_thread_blocked, id=12048, stack(0x0000000009950000,0x0000000009a50000)]
  0x0000000008599000 JavaThread "Finalizer" daemon [_thread_blocked, id=13860, stack(0x0000000009850000,0x0000000009950000)]
  0x0000000008595800 JavaThread "Reference Handler" daemon [_thread_blocked, id=18416, stack(0x0000000009750000,0x0000000009850000)]
  0x00000000026ad800 JavaThread "main" [_thread_in_Java, id=16588, stack(0x0000000000cf0000,0x0000000000df0000)]

Other Threads:
  0x0000000008591800 VMThread [stack: 0x0000000009650000,0x0000000009750000] [id=21056]
  0x00000000085fd000 WatcherThread [stack: 0x0000000009e50000,0x0000000009f50000] [id=1424]

VM state:not at safepoint (normal execution)

VM Mutex/Monitor currently owned by a thread: None

Heap
 PSYoungGen      total 146432K, used 117463K [0x00000000eaa80000, 0x00000000faa00000, 0x0000000100000000)
  eden space 124928K, 82% used [0x00000000eaa80000,0x00000000f0f44af0,0x00000000f2480000)
  from space 21504K, 66% used [0x00000000f2480000,0x00000000f3271508,0x00000000f3980000)
  to   space 30720K, 0% used [0x00000000f8c00000,0x00000000f8c00000,0x00000000faa00000)
 ParOldGen       total 42496K, used 41996K [0x00000000c0000000, 0x00000000c2980000, 0x00000000eaa80000)
  object space 42496K, 98% used [0x00000000c0000000,0x00000000c2903210,0x00000000c2980000)
 PSPermGen       total 21504K, used 6199K [0x00000000bae00000, 0x00000000bc300000, 0x00000000c0000000)
  object space 21504K, 28% used [0x00000000bae00000,0x00000000bb40dd78,0x00000000bc300000)

Card table byte_map: [0x0000000005800000,0x0000000005a30000] byte_map_base: 0x0000000005229000

Polling page: 0x00000000008c0000

Code Cache  [0x0000000002740000, 0x0000000002a50000, 0x0000000005740000)
 total_blobs=1026 nmethods=789 adapters=189 free_code_cache=46208Kb largest_free_block=47161216

Compilation events (10 events):
Event: 8.565 Thread 0x00000000085df000  798             com.android.dx.dex.code.OutputFinisher::getAllConstants (47 bytes)
Event: 8.571 Thread 0x00000000085df000 nmethod 798 0x0000000002a23fd0 code [0x0000000002a24140, 0x0000000002a24448]
Event: 8.574 Thread 0x00000000085e0800  799   !         com.android.dx.rop.cst.CstType::intern (48 bytes)
Event: 8.583 Thread 0x00000000085df000  800             com.android.dx.dex.file.DexFile::internIfAppropriate (128 bytes)
Event: 8.585 Thread 0x00000000085e0800 nmethod 799 0x000000000283f710 code [0x000000000283f8a0, 0x0000000002840048]
Event: 8.585 Thread 0x00000000085e0800  801             com.android.dx.dex.code.StdCatchBuilder::hasAnyCatches (57 bytes)
Event: 8.589 Thread 0x00000000085e0800 nmethod 801 0x0000000002841b50 code [0x0000000002841cc0, 0x0000000002841f38]
Event: 8.589 Thread 0x00000000085e0800  802             java.util.HashMap$HashIterator::hasNext (13 bytes)
Event: 8.589 Thread 0x00000000085e0800 nmethod 802 0x0000000002a253d0 code [0x0000000002a25500, 0x0000000002a25558]
Event: 8.593 Thread 0x00000000085e0800  803             com.android.dx.dex.file.CodeItem::addContents (174 bytes)

GC Heap History (10 events):
Event: 4.049 GC heap before
{Heap before GC invocations=6 (full 0):
 PSYoungGen      total 35328K, used 35296K [0x00000000eaa80000, 0x00000000efe80000, 0x0000000100000000)
  eden space 32768K, 100% used [0x00000000eaa80000,0x00000000eca80000,0x00000000eca80000)
  from space 2560K, 98% used [0x00000000eca80000,0x00000000eccf8248,0x00000000ecd00000)
  to   space 10240K, 0% used [0x00000000ef480000,0x00000000ef480000,0x00000000efe80000)
 ParOldGen       total 42496K, used 14504K [0x00000000c0000000, 0x00000000c2980000, 0x00000000eaa80000)
  object space 42496K, 34% used [0x00000000c0000000,0x00000000c0e2a2f8,0x00000000c2980000)
 PSPermGen       total 21504K, used 6005K [0x00000000bae00000, 0x00000000bc300000, 0x00000000c0000000)
  object space 21504K, 27% used [0x00000000bae00000,0x00000000bb3dd710,0x00000000bc300000)
Event: 4.067 GC heap after
Heap after GC invocations=6 (full 0):
 PSYoungGen      total 75264K, used 8062K [0x00000000eaa80000, 0x00000000eff80000, 0x0000000100000000)
  eden space 65024K, 0% used [0x00000000eaa80000,0x00000000eaa80000,0x00000000eea00000)
  from space 10240K, 78% used [0x00000000ef480000,0x00000000efc5f900,0x00000000efe80000)
  to   space 10752K, 0% used [0x00000000eea00000,0x00000000eea00000,0x00000000ef480000)
 ParOldGen       total 42496K, used 14504K [0x00000000c0000000, 0x00000000c2980000, 0x00000000eaa80000)
  object space 42496K, 34% used [0x00000000c0000000,0x00000000c0e2a2f8,0x00000000c2980000)
 PSPermGen       total 21504K, used 6005K [0x00000000bae00000, 0x00000000bc300000, 0x00000000c0000000)
  object space 21504K, 27% used [0x00000000bae00000,0x00000000bb3dd710,0x00000000bc300000)
}
Event: 4.686 GC heap before
{Heap before GC invocations=7 (full 0):
 PSYoungGen      total 75264K, used 73086K [0x00000000eaa80000, 0x00000000eff80000, 0x0000000100000000)
  eden space 65024K, 100% used [0x00000000eaa80000,0x00000000eea00000,0x00000000eea00000)
  from space 10240K, 78% used [0x00000000ef480000,0x00000000efc5f900,0x00000000efe80000)
  to   space 10752K, 0% used [0x00000000eea00000,0x00000000eea00000,0x00000000ef480000)
 ParOldGen       total 42496K, used 14504K [0x00000000c0000000, 0x00000000c2980000, 0x00000000eaa80000)
  object space 42496K, 34% used [0x00000000c0000000,0x00000000c0e2a2f8,0x00000000c2980000)
 PSPermGen       total 21504K, used 6050K [0x00000000bae00000, 0x00000000bc300000, 0x00000000c0000000)
  object space 21504K, 28% used [0x00000000bae00000,0x00000000bb3e8a68,0x00000000bc300000)
Event: 4.718 GC heap after
Heap after GC invocations=7 (full 0):
 PSYoungGen      total 75776K, used 10746K [0x00000000eaa80000, 0x00000000f4980000, 0x0000000100000000)
  eden space 65024K, 0% used [0x00000000eaa80000,0x00000000eaa80000,0x00000000eea00000)
  from space 10752K, 99% used [0x00000000eea00000,0x00000000ef47e960,0x00000000ef480000)
  to   space 16384K, 0% used [0x00000000f3980000,0x00000000f3980000,0x00000000f4980000)
 ParOldGen       total 42496K, used 21708K [0x00000000c0000000, 0x00000000c2980000, 0x00000000eaa80000)
  object space 42496K, 51% used [0x00000000c0000000,0x00000000c1533050,0x00000000c2980000)
 PSPermGen       total 21504K, used 6050K [0x00000000bae00000, 0x00000000bc300000, 0x00000000c0000000)
  object space 21504K, 28% used [0x00000000bae00000,0x00000000bb3e8a68,0x00000000bc300000)
}
Event: 5.232 GC heap before
{Heap before GC invocations=8 (full 0):
 PSYoungGen      total 75776K, used 75770K [0x00000000eaa80000, 0x00000000f4980000, 0x0000000100000000)
  eden space 65024K, 100% used [0x00000000eaa80000,0x00000000eea00000,0x00000000eea00000)
  from space 10752K, 99% used [0x00000000eea00000,0x00000000ef47e960,0x00000000ef480000)
  to   space 16384K, 0% used [0x00000000f3980000,0x00000000f3980000,0x00000000f4980000)
 ParOldGen       total 42496K, used 21708K [0x00000000c0000000, 0x00000000c2980000, 0x00000000eaa80000)
  object space 42496K, 51% used [0x00000000c0000000,0x00000000c1533050,0x00000000c2980000)
 PSPermGen       total 21504K, used 6071K [0x00000000bae00000, 0x00000000bc300000, 0x00000000c0000000)
  object space 21504K, 28% used [0x00000000bae00000,0x00000000bb3edc10,0x00000000bc300000)
Event: 5.274 GC heap after
Heap after GC invocations=8 (full 0):
 PSYoungGen      total 141312K, used 16371K [0x00000000eaa80000, 0x00000000f5380000, 0x0000000100000000)
  eden space 124928K, 0% used [0x00000000eaa80000,0x00000000eaa80000,0x00000000f2480000)
  from space 16384K, 99% used [0x00000000f3980000,0x00000000f497cf98,0x00000000f4980000)
  to   space 21504K, 0% used [0x00000000f2480000,0x00000000f2480000,0x00000000f3980000)
 ParOldGen       total 42496K, used 26499K [0x00000000c0000000, 0x00000000c2980000, 0x00000000eaa80000)
  object space 42496K, 62% used [0x00000000c0000000,0x00000000c19e0fc0,0x00000000c2980000)
 PSPermGen       total 21504K, used 6071K [0x00000000bae00000, 0x00000000bc300000, 0x00000000c0000000)
  object space 21504K, 28% used [0x00000000bae00000,0x00000000bb3edc10,0x00000000bc300000)
}
Event: 5.943 GC heap before
{Heap before GC invocations=9 (full 0):
 PSYoungGen      total 141312K, used 141299K [0x00000000eaa80000, 0x00000000f5380000, 0x0000000100000000)
  eden space 124928K, 100% used [0x00000000eaa80000,0x00000000f2480000,0x00000000f2480000)
  from space 16384K, 99% used [0x00000000f3980000,0x00000000f497cf98,0x00000000f4980000)
  to   space 21504K, 0% used [0x00000000f2480000,0x00000000f2480000,0x00000000f3980000)
 ParOldGen       total 42496K, used 26499K [0x00000000c0000000, 0x00000000c2980000, 0x00000000eaa80000)
  object space 42496K, 62% used [0x00000000c0000000,0x00000000c19e0fc0,0x00000000c2980000)
 PSPermGen       total 21504K, used 6140K [0x00000000bae00000, 0x00000000bc300000, 0x00000000c0000000)
  object space 21504K, 28% used [0x00000000bae00000,0x00000000bb3ff010,0x00000000bc300000)
Event: 6.029 GC heap after
Heap after GC invocations=9 (full 0):
 PSYoungGen      total 146432K, used 21486K [0x00000000eaa80000, 0x00000000faa00000, 0x0000000100000000)
  eden space 124928K, 0% used [0x00000000eaa80000,0x00000000eaa80000,0x00000000f2480000)
  from space 21504K, 99% used [0x00000000f2480000,0x00000000f397ba68,0x00000000f3980000)
  to   space 30720K, 0% used [0x00000000f8c00000,0x00000000f8c00000,0x00000000faa00000)
 ParOldGen       total 42496K, used 40099K [0x00000000c0000000, 0x00000000c2980000, 0x00000000eaa80000)
  object space 42496K, 94% used [0x00000000c0000000,0x00000000c2728c10,0x00000000c2980000)
 PSPermGen       total 21504K, used 6140K [0x00000000bae00000, 0x00000000bc300000, 0x00000000c0000000)
  object space 21504K, 28% used [0x00000000bae00000,0x00000000bb3ff010,0x00000000bc300000)
}
Event: 6.029 GC heap before
{Heap before GC invocations=10 (full 1):
 PSYoungGen      total 146432K, used 21486K [0x00000000eaa80000, 0x00000000faa00000, 0x0000000100000000)
  eden space 124928K, 0% used [0x00000000eaa80000,0x00000000eaa80000,0x00000000f2480000)
  from space 21504K, 99% used [0x00000000f2480000,0x00000000f397ba68,0x00000000f3980000)
  to   space 30720K, 0% used [0x00000000f8c00000,0x00000000f8c00000,0x00000000faa00000)
 ParOldGen       total 42496K, used 40099K [0x00000000c0000000, 0x00000000c2980000, 0x00000000eaa80000)
  object space 42496K, 94% used [0x00000000c0000000,0x00000000c2728c10,0x00000000c2980000)
 PSPermGen       total 21504K, used 6140K [0x00000000bae00000, 0x00000000bc300000, 0x00000000c0000000)
  object space 21504K, 28% used [0x00000000bae00000,0x00000000bb3ff010,0x00000000bc300000)
Event: 7.102 GC heap after
Heap after GC invocations=10 (full 1):
 PSYoungGen      total 146432K, used 14277K [0x00000000eaa80000, 0x00000000faa00000, 0x0000000100000000)
  eden space 124928K, 0% used [0x00000000eaa80000,0x00000000eaa80000,0x00000000f2480000)
  from space 21504K, 66% used [0x00000000f2480000,0x00000000f3271508,0x00000000f3980000)
  to   space 30720K, 0% used [0x00000000f8c00000,0x00000000f8c00000,0x00000000faa00000)
 ParOldGen       total 42496K, used 41996K [0x00000000c0000000, 0x00000000c2980000, 0x00000000eaa80000)
  object space 42496K, 98% used [0x00000000c0000000,0x00000000c2903210,0x00000000c2980000)
 PSPermGen       total 21504K, used 6134K [0x00000000bae00000, 0x00000000bc300000, 0x00000000c0000000)
  object space 21504K, 28% used [0x00000000bae00000,0x00000000bb3fda70,0x00000000bc300000)
}

Deoptimization events (10 events):
Event: 4.752 Thread 0x00000000026ad800 Uncommon trap: reason=unreached action=reinterpret pc=0x000000000280bccc method=com.android.dx.rop.code.LocalItem.compareHandlesNulls(Lcom/android/dx/rop/cst/CstString;Lcom/android/dx/rop/cst/CstString;)I @ 14
Event: 4.894 Thread 0x0000000009fba800 Uncommon trap: reason=null_check action=make_not_entrant pc=0x0000000002937010 method=com.android.dx.dex.cf.AttributeTranslator.getSignature(Lcom/android/dx/cf/iface/AttributeList;)Lcom/android/dx/rop/annotation/Annotation; @ 8
Event: 4.962 Thread 0x0000000009fba800 Uncommon trap: reason=null_check action=make_not_entrant pc=0x00000000029509d8 method=com.android.dx.cf.code.Ropper$CatchInfo.getSetup(Lcom/android/dx/rop/type/Type;)Lcom/android/dx/cf/code/Ropper$ExceptionHandlerSetup; @ 10
Event: 5.358 Thread 0x000000000a2a1000 Uncommon trap: reason=unreached action=reinterpret pc=0x0000000002877c2c method=com.android.dx.ssa.MoveParamCombiner$1.visitNonMoveInsn(Lcom/android/dx/ssa/NormalSsaInsn;)V @ 27
Event: 5.432 Thread 0x0000000009fba800 Uncommon trap: reason=bimorphic action=maybe_recompile pc=0x0000000002896e48 method=com.android.dx.ssa.LiteralOpUpgrader.tryReplacingWithConstant(Lcom/android/dx/ssa/NormalSsaInsn;)Z @ 62
Event: 5.436 Thread 0x0000000009fba800 Uncommon trap: reason=bimorphic action=maybe_recompile pc=0x0000000002896e48 method=com.android.dx.ssa.LiteralOpUpgrader.tryReplacingWithConstant(Lcom/android/dx/ssa/NormalSsaInsn;)Z @ 62
Event: 5.652 Thread 0x0000000009fba800 Uncommon trap: reason=bimorphic action=maybe_recompile pc=0x000000000298b63c method=com.android.dx.cf.code.BytecodeArray.parseInstruction(ILcom/android/dx/cf/code/BytecodeArray$Visitor;)I @ 971
Event: 5.653 Thread 0x0000000009fba800 Uncommon trap: reason=bimorphic action=maybe_recompile pc=0x000000000298b63c method=com.android.dx.cf.code.BytecodeArray.parseInstruction(ILcom/android/dx/cf/code/BytecodeArray$Visitor;)I @ 971
Event: 8.170 Thread 0x000000000a2a1000 Uncommon trap: reason=class_check action=maybe_recompile pc=0x00000000028dfa48 method=com.android.dx.ssa.SCCP.replaceConstants()V @ 127
Event: 8.177 Thread 0x000000000a2a1000 Uncommon trap: reason=class_check action=maybe_recompile pc=0x00000000028dfa48 method=com.android.dx.ssa.SCCP.replaceConstants()V @ 127

Internal exceptions (10 events):
Event: 3.179 Thread 0x00000000026ad800 Threw 0x00000000eb8e1f60 at C:\re\jdk7u79\2331\hotspot\src\share\vm\prims\jvm.cpp:1304
Event: 3.186 Thread 0x00000000026ad800 Threw 0x00000000eb9b1508 at C:\re\jdk7u79\2331\hotspot\src\share\vm\prims\jvm.cpp:1304
Event: 3.562 Thread 0x000000000a18e000 Threw 0x00000000ec5a9368 at C:\re\jdk7u79\2331\hotspot\src\share\vm\prims\jvm.cpp:1304
Event: 4.725 Thread 0x00000000026ad800 Threw 0x00000000eab44ba0 at C:\re\jdk7u79\2331\hotspot\src\share\vm\prims\jvm.cpp:1304
Event: 4.752 Thread 0x00000000026ad800 Implicit null exception at 0x0000000002905313 to 0x00000000029054cd
Event: 4.752 Thread 0x00000000026ad800 Implicit null exception at 0x000000000280bb5c to 0x000000000280bcb9
Event: 4.894 Thread 0x0000000009fba800 Implicit null exception at 0x00000000029337ac to 0x0000000002937005
Event: 4.962 Thread 0x0000000009fba800 Implicit null exception at 0x000000000294d0f8 to 0x00000000029509a5
Event: 8.182 Thread 0x00000000026ad800 Threw 0x00000000f01bcea0 at C:\re\jdk7u79\2331\hotspot\src\share\vm\prims\jvm.cpp:1304
Event: 8.522 Thread 0x00000000026ad800 Threw 0x00000000f0de9320 at C:\re\jdk7u79\2331\hotspot\src\share\vm\prims\jvm.cpp:1304

Events (10 events):
Event: 8.179 loading class 0x00000000025c5670 done
Event: 8.179 loading class 0x00000000025c5640
Event: 8.179 loading class 0x00000000025c5640 done
Event: 8.182 loading class 0x000000000a26f5c0
Event: 8.182 loading class 0x000000000a26f5c0 done
Event: 8.489 Thread 0x00000000085e0800 flushing nmethod 0x000000000283da10
Event: 8.500 Thread 0x00000000085df000 flushing nmethod 0x00000000028788d0
Event: 8.506 Thread 0x00000000085e0800 flushing nmethod 0x00000000028e2610
Event: 8.522 loading class 0x000000000a1da360
Event: 8.522 loading class 0x000000000a1da360 done


Dynamic libraries:
0x00007ff793380000 - 0x00007ff7933b3000 	C:\Program Files\Java\jdk1.7.0_79\bin\java.exe
0x00007ff8b3f70000 - 0x00007ff8b4131000 	C:\WINDOWS\SYSTEM32\ntdll.dll
0x00007ff8b2530000 - 0x00007ff8b25dd000 	C:\WINDOWS\system32\KERNEL32.DLL
0x00007ff8b0df0000 - 0x00007ff8b0fd8000 	C:\WINDOWS\system32\KERNELBASE.dll
0x00007ff8b1bb0000 - 0x00007ff8b1c57000 	C:\WINDOWS\system32\ADVAPI32.dll
0x00007ff8b1900000 - 0x00007ff8b199d000 	C:\WINDOWS\system32\msvcrt.dll
0x00007ff8b20d0000 - 0x00007ff8b212b000 	C:\WINDOWS\system32\sechost.dll
0x00007ff8b3bf0000 - 0x00007ff8b3d0c000 	C:\WINDOWS\system32\RPCRT4.dll
0x00007ff8b1370000 - 0x00007ff8b14c6000 	C:\WINDOWS\system32\USER32.dll
0x00007ff8b19a0000 - 0x00007ff8b1b26000 	C:\WINDOWS\system32\GDI32.dll
0x00007ff8abf00000 - 0x00007ff8ac174000 	C:\WINDOWS\WinSxS\amd64_microsoft.windows.common-controls_6595b64144ccf1df_6.0.10586.494_none_a2d8b04ea53e3145\COMCTL32.dll
0x00007ff8b1d40000 - 0x00007ff8b1fbd000 	C:\WINDOWS\system32\combase.dll
0x00007ff8b1130000 - 0x00007ff8b119a000 	C:\WINDOWS\system32\bcryptPrimitives.dll
0x00007ff8b3dd0000 - 0x00007ff8b3e0b000 	C:\WINDOWS\system32\IMM32.DLL
0x0000000071220000 - 0x00000000712f2000 	C:\Program Files\Java\jdk1.7.0_79\jre\bin\msvcr100.dll
0x0000000071b60000 - 0x0000000072335000 	C:\Program Files\Java\jdk1.7.0_79\jre\bin\server\jvm.dll
0x00007ff8b3f60000 - 0x00007ff8b3f68000 	C:\WINDOWS\system32\PSAPI.DLL
0x00007ff8ae880000 - 0x00007ff8ae8a3000 	C:\WINDOWS\SYSTEM32\WINMM.dll
0x00007ff88de20000 - 0x00007ff88de29000 	C:\WINDOWS\SYSTEM32\WSOCK32.dll
0x00007ff8b2300000 - 0x00007ff8b236b000 	C:\WINDOWS\system32\WS2_32.dll
0x00007ff8ae690000 - 0x00007ff8ae6bc000 	C:\WINDOWS\SYSTEM32\WINMMBASE.dll
0x00007ff8b0620000 - 0x00007ff8b0663000 	C:\WINDOWS\system32\cfgmgr32.dll
0x0000000072520000 - 0x000000007252f000 	C:\Program Files\Java\jdk1.7.0_79\jre\bin\verify.dll
0x00000000724f0000 - 0x0000000072518000 	C:\Program Files\Java\jdk1.7.0_79\jre\bin\java.dll
0x0000000071a60000 - 0x0000000071a75000 	C:\Program Files\Java\jdk1.7.0_79\jre\bin\zip.dll
0x0000000071a40000 - 0x0000000071a5a000 	C:\Program Files\Java\jdk1.7.0_79\jre\bin\net.dll
0x00007ff8afe60000 - 0x00007ff8afebc000 	C:\WINDOWS\system32\mswsock.dll
0x0000000071a20000 - 0x0000000071a31000 	C:\Program Files\Java\jdk1.7.0_79\jre\bin\nio.dll

VM Arguments:
jvm_args: -Djava.awt.headless=true -Xmx1024M -Dfile.encoding=x-windows-874 -Duser.country=GB -Duser.language=en -Duser.variant 
java_command: com.android.dx.command.Main --dex --force-jumbo --num-threads=4 --output C:\AndroidStudioProjects\LeeCerBookApp\app\build\intermediates\pre-dexed\debug\com.android.support-support-v4-23.1.1_e6a209f65c9d8cac5791fd35f0f794a8caf12301.jar C:\AndroidStudioProjects\LeeCerBookApp\app\build\intermediates\exploded-aar\com.android.support\support-v4\23.1.1\jars\classes.jar
Launcher Type: SUN_STANDARD

Environment Variables:
JAVA_HOME=C:\Program Files\Java\jdk1.7.0_79
PATH=
[error occurred during error reporting (printing environment variables), id 0xc0000005]



---------------  S Y S T E M  ---------------

OS: Windows 8.1 , 64 bit Build 9600 

CPU:total 4 (2 cores per cpu, 2 threads per core) family 6 model 69 stepping 1, cmov, cx8, fxsr, mmx, sse, sse2, sse3, ssse3, sse4.1, sse4.2, popcnt, avx, avx2, aes, erms, ht, tsc, tscinvbit

Memory: 4k page, physical 4083992k(467460k free), swap 16666904k(325948k free)

vm_info: Java HotSpot(TM) 64-Bit Server VM (24.79-b02) for windows-amd64 JRE (1.7.0_79-b15), built on Apr 10 2015 12:36:16 by "java_re" with unknown MS VC++:1600

time: Tue Aug 09 20:46:35 2016
elapsed time: 8 seconds

