#
# There is insufficient memory for the Java Runtime Environment to continue.
# Native memory allocation (malloc) failed to allocate 547456 bytes for Chunk::new
# Possible reasons:
#   The system is out of physical RAM or swap space
#   In 32 bit mode, the process size limit was hit
# Possible solutions:
#   Reduce memory load on the system
#   Increase physical memory or swap space
#   Check if swap backing store is full
#   Use 64 bit Java on a 64 bit OS
#   Decrease Java heap size (-Xmx/-Xms)
#   Decrease number of Java threads
#   Decrease Java thread stack sizes (-Xss)
#   Set larger code cache with -XX:ReservedCodeCacheSize=
# This output file may be truncated or incomplete.
#
#  Out of Memory Error (allocation.cpp:323), pid=19268, tid=17152
#
# JRE version: Java(TM) SE Runtime Environment (7.0_79-b15) (build 1.7.0_79-b15)
# Java VM: Java HotSpot(TM) 64-Bit Server VM (24.79-b02 mixed mode windows-amd64 compressed oops)
# Failed to write core dump. Minidumps are not enabled by default on client versions of Windows
#

---------------  T H R E A D  ---------------

Current thread (0x00000000080d8800):  JavaThread "C2 CompilerThread1" daemon [_thread_in_native, id=17152, stack(0x0000000009760000,0x0000000009860000)]

Stack: [0x0000000009760000,0x0000000009860000]

Current CompileTask:
C2:   9115  582             com.android.dx.dex.file.DebugInfoEncoder::emitHeader (530 bytes)


---------------  P R O C E S S  ---------------

Java Threads: ( => current thread )
  0x00000000080db800 JavaThread "Service Thread" daemon [_thread_blocked, id=18136, stack(0x0000000009860000,0x0000000009960000)]
=>0x00000000080d8800 JavaThread "C2 CompilerThread1" daemon [_thread_in_native, id=17152, stack(0x0000000009760000,0x0000000009860000)]
  0x00000000080cd800 JavaThread "C2 CompilerThread0" daemon [_thread_blocked, id=16456, stack(0x0000000009660000,0x0000000009760000)]
  0x00000000080c1000 JavaThread "Attach Listener" daemon [_thread_blocked, id=17752, stack(0x0000000009560000,0x0000000009660000)]
  0x00000000080be000 JavaThread "Signal Dispatcher" daemon [_thread_blocked, id=11992, stack(0x0000000009460000,0x0000000009560000)]
  0x0000000008089000 JavaThread "Finalizer" daemon [_thread_blocked, id=13480, stack(0x0000000009360000,0x0000000009460000)]
  0x0000000008085800 JavaThread "Reference Handler" daemon [_thread_blocked, id=11764, stack(0x0000000009260000,0x0000000009360000)]
  0x0000000001ffd800 JavaThread "main" [_thread_in_Java, id=19720, stack(0x0000000002030000,0x0000000002130000)]

Other Threads:
  0x0000000008081800 VMThread [stack: 0x0000000009160000,0x0000000009260000] [id=15312]
  0x00000000080e9800 WatcherThread [stack: 0x0000000009960000,0x0000000009a60000] [id=20256]

VM state:not at safepoint (normal execution)

VM Mutex/Monitor currently owned by a thread: None

Heap
 PSYoungGen      total 68096K, used 24558K [0x00000000eaa80000, 0x00000000eef80000, 0x0000000100000000)
  eden space 65536K, 33% used [0x00000000eaa80000,0x00000000ebfffaf0,0x00000000eea80000)
  from space 2560K, 99% used [0x00000000eed00000,0x00000000eef7c038,0x00000000eef80000)
  to   space 2560K, 0% used [0x00000000eea80000,0x00000000eea80000,0x00000000eed00000)
 ParOldGen       total 42496K, used 12767K [0x00000000c0000000, 0x00000000c2980000, 0x00000000eaa80000)
  object space 42496K, 30% used [0x00000000c0000000,0x00000000c0c77ce8,0x00000000c2980000)
 PSPermGen       total 21504K, used 6254K [0x00000000bae00000, 0x00000000bc300000, 0x00000000c0000000)
  object space 21504K, 29% used [0x00000000bae00000,0x00000000bb41b870,0x00000000bc300000)

Card table byte_map: [0x00000000052f0000,0x0000000005520000] byte_map_base: 0x0000000004d19000

Polling page: 0x0000000000510000

Code Cache  [0x0000000002230000, 0x00000000024a0000, 0x0000000005230000)
 total_blobs=818 nmethods=580 adapters=190 free_code_cache=46865Kb largest_free_block=47945408

Compilation events (10 events):
Event: 8.915 Thread 0x00000000080cd800  578             com.android.dx.dex.code.PositionList$Entry::getAddress (5 bytes)
Event: 8.915 Thread 0x00000000080cd800 nmethod 578 0x000000000246ebd0 code [0x000000000246ed00, 0x000000000246ed58]
Event: 8.920 Thread 0x00000000080d8800 nmethod 576 0x0000000002319810 code [0x0000000002319960, 0x0000000002319dc8]
Event: 8.955 Thread 0x00000000080cd800  579             com.android.dx.dex.code.LocalList::get (9 bytes)
Event: 8.956 Thread 0x00000000080cd800 nmethod 579 0x000000000246e890 code [0x000000000246e9e0, 0x000000000246ea98]
Event: 8.957 Thread 0x00000000080d8800  580             com.android.dx.dex.code.DalvInsn::getAddress (22 bytes)
Event: 8.958 Thread 0x00000000080d8800 nmethod 580 0x0000000002319610 code [0x0000000002319740, 0x0000000002319798]
Event: 8.960 Thread 0x00000000080cd800  581             com.android.dx.rop.type.StdTypeList::getWordCount (33 bytes)
Event: 8.962 Thread 0x00000000080cd800 nmethod 581 0x0000000002319250 code [0x00000000023193a0, 0x00000000023194b8]
Event: 8.964 Thread 0x00000000080d8800  582             com.android.dx.dex.file.DebugInfoEncoder::emitHeader (530 bytes)

GC Heap History (8 events):
Event: 3.865 GC heap before
{Heap before GC invocations=1 (full 0):
 PSYoungGen      total 18944K, used 16384K [0x00000000eaa80000, 0x00000000ebf80000, 0x0000000100000000)
  eden space 16384K, 100% used [0x00000000eaa80000,0x00000000eba80000,0x00000000eba80000)
  from space 2560K, 0% used [0x00000000ebd00000,0x00000000ebd00000,0x00000000ebf80000)
  to   space 2560K, 0% used [0x00000000eba80000,0x00000000eba80000,0x00000000ebd00000)
 ParOldGen       total 42496K, used 0K [0x00000000c0000000, 0x00000000c2980000, 0x00000000eaa80000)
  object space 42496K, 0% used [0x00000000c0000000,0x00000000c0000000,0x00000000c2980000)
 PSPermGen       total 21504K, used 5578K [0x00000000bae00000, 0x00000000bc300000, 0x00000000c0000000)
  object space 21504K, 25% used [0x00000000bae00000,0x00000000bb372980,0x00000000bc300000)
Event: 3.985 GC heap after
Heap after GC invocations=1 (full 0):
 PSYoungGen      total 18944K, used 2556K [0x00000000eaa80000, 0x00000000ecf80000, 0x0000000100000000)
  eden space 16384K, 0% used [0x00000000eaa80000,0x00000000eaa80000,0x00000000eba80000)
  from space 2560K, 99% used [0x00000000eba80000,0x00000000ebcff130,0x00000000ebd00000)
  to   space 2560K, 0% used [0x00000000ecd00000,0x00000000ecd00000,0x00000000ecf80000)
 ParOldGen       total 42496K, used 645K [0x00000000c0000000, 0x00000000c2980000, 0x00000000eaa80000)
  object space 42496K, 1% used [0x00000000c0000000,0x00000000c00a1458,0x00000000c2980000)
 PSPermGen       total 21504K, used 5578K [0x00000000bae00000, 0x00000000bc300000, 0x00000000c0000000)
  object space 21504K, 25% used [0x00000000bae00000,0x00000000bb372980,0x00000000bc300000)
}
Event: 4.729 GC heap before
{Heap before GC invocations=2 (full 0):
 PSYoungGen      total 18944K, used 18940K [0x00000000eaa80000, 0x00000000ecf80000, 0x0000000100000000)
  eden space 16384K, 100% used [0x00000000eaa80000,0x00000000eba80000,0x00000000eba80000)
  from space 2560K, 99% used [0x00000000eba80000,0x00000000ebcff130,0x00000000ebd00000)
  to   space 2560K, 0% used [0x00000000ecd00000,0x00000000ecd00000,0x00000000ecf80000)
 ParOldGen       total 42496K, used 645K [0x00000000c0000000, 0x00000000c2980000, 0x00000000eaa80000)
  object space 42496K, 1% used [0x00000000c0000000,0x00000000c00a1458,0x00000000c2980000)
 PSPermGen       total 21504K, used 5803K [0x00000000bae00000, 0x00000000bc300000, 0x00000000c0000000)
  object space 21504K, 26% used [0x00000000bae00000,0x00000000bb3aae00,0x00000000bc300000)
Event: 4.764 GC heap after
Heap after GC invocations=2 (full 0):
 PSYoungGen      total 35328K, used 2535K [0x00000000eaa80000, 0x00000000ecf80000, 0x0000000100000000)
  eden space 32768K, 0% used [0x00000000eaa80000,0x00000000eaa80000,0x00000000eca80000)
  from space 2560K, 99% used [0x00000000ecd00000,0x00000000ecf79c98,0x00000000ecf80000)
  to   space 2560K, 0% used [0x00000000eca80000,0x00000000eca80000,0x00000000ecd00000)
 ParOldGen       total 42496K, used 2450K [0x00000000c0000000, 0x00000000c2980000, 0x00000000eaa80000)
  object space 42496K, 5% used [0x00000000c0000000,0x00000000c02648e8,0x00000000c2980000)
 PSPermGen       total 21504K, used 5803K [0x00000000bae00000, 0x00000000bc300000, 0x00000000c0000000)
  object space 21504K, 26% used [0x00000000bae00000,0x00000000bb3aae00,0x00000000bc300000)
}
Event: 6.631 GC heap before
{Heap before GC invocations=3 (full 0):
 PSYoungGen      total 35328K, used 35303K [0x00000000eaa80000, 0x00000000ecf80000, 0x0000000100000000)
  eden space 32768K, 100% used [0x00000000eaa80000,0x00000000eca80000,0x00000000eca80000)
  from space 2560K, 99% used [0x00000000ecd00000,0x00000000ecf79c98,0x00000000ecf80000)
  to   space 2560K, 0% used [0x00000000eca80000,0x00000000eca80000,0x00000000ecd00000)
 ParOldGen       total 42496K, used 2450K [0x00000000c0000000, 0x00000000c2980000, 0x00000000eaa80000)
  object space 42496K, 5% used [0x00000000c0000000,0x00000000c02648e8,0x00000000c2980000)
 PSPermGen       total 21504K, used 5947K [0x00000000bae00000, 0x00000000bc300000, 0x00000000c0000000)
  object space 21504K, 27% used [0x00000000bae00000,0x00000000bb3cedb8,0x00000000bc300000)
Event: 6.774 GC heap after
Heap after GC invocations=3 (full 0):
 PSYoungGen      total 35328K, used 2544K [0x00000000eaa80000, 0x00000000eef80000, 0x0000000100000000)
  eden space 32768K, 0% used [0x00000000eaa80000,0x00000000eaa80000,0x00000000eca80000)
  from space 2560K, 99% used [0x00000000eca80000,0x00000000eccfc038,0x00000000ecd00000)
  to   space 2560K, 0% used [0x00000000eed00000,0x00000000eed00000,0x00000000eef80000)
 ParOldGen       total 42496K, used 7508K [0x00000000c0000000, 0x00000000c2980000, 0x00000000eaa80000)
  object space 42496K, 17% used [0x00000000c0000000,0x00000000c0755060,0x00000000c2980000)
 PSPermGen       total 21504K, used 5947K [0x00000000bae00000, 0x00000000bc300000, 0x00000000c0000000)
  object space 21504K, 27% used [0x00000000bae00000,0x00000000bb3cedb8,0x00000000bc300000)
}
Event: 7.539 GC heap before
{Heap before GC invocations=4 (full 0):
 PSYoungGen      total 35328K, used 35312K [0x00000000eaa80000, 0x00000000eef80000, 0x0000000100000000)
  eden space 32768K, 100% used [0x00000000eaa80000,0x00000000eca80000,0x00000000eca80000)
  from space 2560K, 99% used [0x00000000eca80000,0x00000000eccfc038,0x00000000ecd00000)
  to   space 2560K, 0% used [0x00000000eed00000,0x00000000eed00000,0x00000000eef80000)
 ParOldGen       total 42496K, used 7508K [0x00000000c0000000, 0x00000000c2980000, 0x00000000eaa80000)
  object space 42496K, 17% used [0x00000000c0000000,0x00000000c0755060,0x00000000c2980000)
 PSPermGen       total 21504K, used 5995K [0x00000000bae00000, 0x00000000bc300000, 0x00000000c0000000)
  object space 21504K, 27% used [0x00000000bae00000,0x00000000bb3dacf8,0x00000000bc300000)
Event: 7.637 GC heap after
Heap after GC invocations=4 (full 0):
 PSYoungGen      total 68096K, used 2544K [0x00000000eaa80000, 0x00000000eef80000, 0x0000000100000000)
  eden space 65536K, 0% used [0x00000000eaa80000,0x00000000eaa80000,0x00000000eea80000)
  from space 2560K, 99% used [0x00000000eed00000,0x00000000eef7c038,0x00000000eef80000)
  to   space 2560K, 0% used [0x00000000eea80000,0x00000000eea80000,0x00000000eed00000)
 ParOldGen       total 42496K, used 12767K [0x00000000c0000000, 0x00000000c2980000, 0x00000000eaa80000)
  object space 42496K, 30% used [0x00000000c0000000,0x00000000c0c77ce8,0x00000000c2980000)
 PSPermGen       total 21504K, used 5995K [0x00000000bae00000, 0x00000000bc300000, 0x00000000c0000000)
  object space 21504K, 27% used [0x00000000bae00000,0x00000000bb3dacf8,0x00000000bc300000)
}

Deoptimization events (10 events):
Event: 6.943 Thread 0x0000000009cab000 Uncommon trap: reason=unloaded action=reinterpret pc=0x0000000002389090 method=com.android.dx.ssa.LiteralOpUpgrader$1.visitNonMoveInsn(Lcom/android/dx/ssa/NormalSsaInsn;)V @ 72
Event: 7.676 Thread 0x0000000009ca8800 Uncommon trap: reason=bimorphic action=maybe_recompile pc=0x00000000023a2234 method=com.android.dx.cf.code.BytecodeArray.parseInstruction(ILcom/android/dx/cf/code/BytecodeArray$Visitor;)I @ 1357
Event: 7.676 Thread 0x0000000009ca8800 Uncommon trap: reason=bimorphic action=maybe_recompile pc=0x00000000023a2234 method=com.android.dx.cf.code.BytecodeArray.parseInstruction(ILcom/android/dx/cf/code/BytecodeArray$Visitor;)I @ 1357
Event: 7.676 Thread 0x0000000009ca8800 Uncommon trap: reason=bimorphic action=maybe_recompile pc=0x00000000023a2234 method=com.android.dx.cf.code.BytecodeArray.parseInstruction(ILcom/android/dx/cf/code/BytecodeArray$Visitor;)I @ 1357
Event: 7.676 Thread 0x0000000009ca8800 Uncommon trap: reason=bimorphic action=maybe_recompile pc=0x00000000023a2234 method=com.android.dx.cf.code.BytecodeArray.parseInstruction(ILcom/android/dx/cf/code/BytecodeArray$Visitor;)I @ 1357
Event: 7.680 Thread 0x0000000009ca8800 Uncommon trap: reason=bimorphic action=maybe_recompile pc=0x0000000002374d84 method=com.android.dx.ssa.SCCP.simulatePhi(Lcom/android/dx/ssa/PhiInsn;)V @ 124
Event: 7.688 Thread 0x0000000009cab000 Uncommon trap: reason=null_check action=make_not_entrant pc=0x0000000002439ff8 method=com.android.dx.dex.file.FieldIdsSection.intern(Lcom/android/dx/rop/cst/CstFieldRef;)Lcom/android/dx/dex/file/FieldIdItem; @ 26
Event: 7.903 Thread 0x0000000001ffd800 Uncommon trap: reason=class_check action=maybe_recompile pc=0x00000000022def64 method=java.util.HashMap.put(Ljava/lang/Object;Ljava/lang/Object;)Ljava/lang/Object; @ 83
Event: 7.903 Thread 0x0000000001ffd800 Uncommon trap: reason=class_check action=maybe_recompile pc=0x00000000022def64 method=java.util.HashMap.put(Ljava/lang/Object;Ljava/lang/Object;)Ljava/lang/Object; @ 83
Event: 7.903 Thread 0x0000000001ffd800 Uncommon trap: reason=class_check action=maybe_recompile pc=0x00000000022def64 method=java.util.HashMap.put(Ljava/lang/Object;Ljava/lang/Object;)Ljava/lang/Object; @ 83

Internal exceptions (10 events):
Event: 8.405 Thread 0x0000000001ffd800 Threw 0x00000000eb9bab38 at C:\re\jdk7u79\2331\hotspot\src\share\vm\prims\jvm.cpp:1304
Event: 8.406 Thread 0x0000000001ffd800 Threw 0x00000000eb9bf890 at C:\re\jdk7u79\2331\hotspot\src\share\vm\prims\jvm.cpp:1304
Event: 8.406 Thread 0x0000000001ffd800 Threw 0x00000000eb9c3e98 at C:\re\jdk7u79\2331\hotspot\src\share\vm\prims\jvm.cpp:1304
Event: 8.415 Thread 0x0000000001ffd800 Threw 0x00000000eb9d7228 at C:\re\jdk7u79\2331\hotspot\src\share\vm\prims\jvm.cpp:1304
Event: 8.416 Thread 0x0000000001ffd800 Threw 0x00000000eb9da5f0 at C:\re\jdk7u79\2331\hotspot\src\share\vm\prims\jvm.cpp:1304
Event: 8.416 Thread 0x0000000001ffd800 Threw 0x00000000eb9dd6b0 at C:\re\jdk7u79\2331\hotspot\src\share\vm\prims\jvm.cpp:1304
Event: 8.506 Thread 0x0000000001ffd800 Threw 0x00000000eba07248 at C:\re\jdk7u79\2331\hotspot\src\share\vm\prims\jvm.cpp:1304
Event: 8.887 Thread 0x0000000001ffd800 Threw 0x00000000ebc8ee48 at C:\re\jdk7u79\2331\hotspot\src\share\vm\prims\jvm.cpp:1304
Event: 8.889 Thread 0x0000000001ffd800 Threw 0x00000000ebc9aa50 at C:\re\jdk7u79\2331\hotspot\src\share\vm\prims\jvm.cpp:1304
Event: 8.889 Thread 0x0000000001ffd800 Threw 0x00000000ebc9d650 at C:\re\jdk7u79\2331\hotspot\src\share\vm\prims\jvm.cpp:1304

Events (10 events):
Event: 8.506 loading class 0x0000000009c310d0 done
Event: 8.802 Thread 0x00000000080d8800 flushing nmethod 0x00000000022da790
Event: 8.808 Thread 0x00000000080d8800 flushing nmethod 0x00000000022eed90
Event: 8.808 Thread 0x00000000080d8800 flushing nmethod 0x0000000002318810
Event: 8.887 loading class 0x0000000009bc9250
Event: 8.887 loading class 0x0000000009bc9250 done
Event: 8.889 loading class 0x0000000009bc5d50
Event: 8.889 loading class 0x0000000009bc5d50 done
Event: 8.889 loading class 0x0000000009bc5f50
Event: 8.889 loading class 0x0000000009bc5f50 done


Dynamic libraries:
0x00007ff793380000 - 0x00007ff7933b3000 	C:\Program Files\Java\jdk1.7.0_79\bin\java.exe
0x00007ff8b3f70000 - 0x00007ff8b4131000 	C:\WINDOWS\SYSTEM32\ntdll.dll
0x00007ff8b2530000 - 0x00007ff8b25dd000 	C:\WINDOWS\system32\KERNEL32.DLL
0x00007ff8b0df0000 - 0x00007ff8b0fd8000 	C:\WINDOWS\system32\KERNELBASE.dll
0x00007ff8b1bb0000 - 0x00007ff8b1c57000 	C:\WINDOWS\system32\ADVAPI32.dll
0x00007ff8b1900000 - 0x00007ff8b199d000 	C:\WINDOWS\system32\msvcrt.dll
0x00007ff8b20d0000 - 0x00007ff8b212b000 	C:\WINDOWS\system32\sechost.dll
0x00007ff8b3bf0000 - 0x00007ff8b3d0c000 	C:\WINDOWS\system32\RPCRT4.dll
0x00007ff8b1370000 - 0x00007ff8b14c6000 	C:\WINDOWS\system32\USER32.dll
0x00007ff8b19a0000 - 0x00007ff8b1b26000 	C:\WINDOWS\system32\GDI32.dll
0x00007ff8abf00000 - 0x00007ff8ac174000 	C:\WINDOWS\WinSxS\amd64_microsoft.windows.common-controls_6595b64144ccf1df_6.0.10586.494_none_a2d8b04ea53e3145\COMCTL32.dll
0x00007ff8b1d40000 - 0x00007ff8b1fbd000 	C:\WINDOWS\system32\combase.dll
0x00007ff8b1130000 - 0x00007ff8b119a000 	C:\WINDOWS\system32\bcryptPrimitives.dll
0x00007ff8b3dd0000 - 0x00007ff8b3e0b000 	C:\WINDOWS\system32\IMM32.DLL
0x0000000071220000 - 0x00000000712f2000 	C:\Program Files\Java\jdk1.7.0_79\jre\bin\msvcr100.dll
0x0000000071b60000 - 0x0000000072335000 	C:\Program Files\Java\jdk1.7.0_79\jre\bin\server\jvm.dll
0x00007ff8b3f60000 - 0x00007ff8b3f68000 	C:\WINDOWS\system32\PSAPI.DLL
0x00007ff88de20000 - 0x00007ff88de29000 	C:\WINDOWS\SYSTEM32\WSOCK32.dll
0x00007ff8b2300000 - 0x00007ff8b236b000 	C:\WINDOWS\system32\WS2_32.dll
0x00007ff8ae880000 - 0x00007ff8ae8a3000 	C:\WINDOWS\SYSTEM32\WINMM.dll
0x00007ff8ae690000 - 0x00007ff8ae6bc000 	C:\WINDOWS\SYSTEM32\WINMMBASE.dll
0x00007ff8b0620000 - 0x00007ff8b0663000 	C:\WINDOWS\system32\cfgmgr32.dll
0x0000000072520000 - 0x000000007252f000 	C:\Program Files\Java\jdk1.7.0_79\jre\bin\verify.dll
0x00000000724f0000 - 0x0000000072518000 	C:\Program Files\Java\jdk1.7.0_79\jre\bin\java.dll
0x0000000071a60000 - 0x0000000071a75000 	C:\Program Files\Java\jdk1.7.0_79\jre\bin\zip.dll
0x0000000071a40000 - 0x0000000071a5a000 	C:\Program Files\Java\jdk1.7.0_79\jre\bin\net.dll
0x00007ff8afe60000 - 0x00007ff8afebc000 	C:\WINDOWS\system32\mswsock.dll
0x0000000071a20000 - 0x0000000071a31000 	C:\Program Files\Java\jdk1.7.0_79\jre\bin\nio.dll

VM Arguments:
jvm_args: -Djava.awt.headless=true -Xmx1024M -Dfile.encoding=x-windows-874 -Duser.country=GB -Duser.language=en -Duser.variant 
java_command: com.android.dx.command.Main --dex --force-jumbo --num-threads=4 --output C:\AndroidStudioProjects\LeeCerBookApp\app\build\intermediates\pre-dexed\debug\internal_impl-23.1.1_a014ba89280c1c5ff99109bfcff2f5a002d90899.jar C:\AndroidStudioProjects\LeeCerBookApp\app\build\intermediates\exploded-aar\com.android.support\support-v4\23.1.1\jars\libs\internal_impl-23.1.1.jar
Launcher Type: SUN_STANDARD

Environment Variables:
JAVA_HOME=C:\Program Files\Java\jdk1.7.0_79
PATH=
[error occurred during error reporting (printing environment variables), id 0xc0000005]



---------------  S Y S T E M  ---------------

OS: Windows 8.1 , 64 bit Build 9600 

CPU:total 4 (2 cores per cpu, 2 threads per core) family 6 model 69 stepping 1, cmov, cx8, fxsr, mmx, sse, sse2, sse3, ssse3, sse4.1, sse4.2, popcnt, avx, avx2, aes, erms, ht, tsc, tscinvbit

Memory: 4k page, physical 4083992k(181052k free), swap 16666904k(4780k free)

vm_info: Java HotSpot(TM) 64-Bit Server VM (24.79-b02) for windows-amd64 JRE (1.7.0_79-b15), built on Apr 10 2015 12:36:16 by "java_re" with unknown MS VC++:1600

time: Tue Aug 09 20:57:59 2016
elapsed time: 10 seconds

