#
# There is insufficient memory for the Java Runtime Environment to continue.
# Native memory allocation (malloc) failed to allocate 247536 bytes for Chunk::new
# Possible reasons:
#   The system is out of physical RAM or swap space
#   In 32 bit mode, the process size limit was hit
# Possible solutions:
#   Reduce memory load on the system
#   Increase physical memory or swap space
#   Check if swap backing store is full
#   Use 64 bit Java on a 64 bit OS
#   Decrease Java heap size (-Xmx/-Xms)
#   Decrease number of Java threads
#   Decrease Java thread stack sizes (-Xss)
#   Set larger code cache with -XX:ReservedCodeCacheSize=
# This output file may be truncated or incomplete.
#
#  Out of Memory Error (allocation.cpp:323), pid=5912, tid=15052
#
# JRE version: Java(TM) SE Runtime Environment (7.0_79-b15) (build 1.7.0_79-b15)
# Java VM: Java HotSpot(TM) 64-Bit Server VM (24.79-b02 mixed mode windows-amd64 compressed oops)
# Failed to write core dump. Minidumps are not enabled by default on client versions of Windows
#

---------------  T H R E A D  ---------------

Current thread (0x00000000090be800):  JavaThread "C2 CompilerThread0" daemon [_thread_in_native, id=15052, stack(0x000000000a650000,0x000000000a750000)]

Stack: [0x000000000a650000,0x000000000a750000]

Current CompileTask:
C2:   2725  210             com.android.dx.ssa.SCCP::run (298 bytes)


---------------  P R O C E S S  ---------------

Java Threads: ( => current thread )
  0x000000000acc0000 JavaThread "pool-1-thread-4" [_thread_in_Java, id=18288, stack(0x000000000b250000,0x000000000b350000)]
  0x000000000acbd800 JavaThread "pool-1-thread-3" [_thread_in_Java, id=8148, stack(0x000000000b150000,0x000000000b250000)]
  0x000000000acba800 JavaThread "pool-1-thread-2" [_thread_in_Java, id=16680, stack(0x000000000b050000,0x000000000b150000)]
  0x000000000acba000 JavaThread "pool-2-thread-1" [_thread_blocked, id=15728, stack(0x000000000af50000,0x000000000b050000)]
  0x000000000ab0a000 JavaThread "pool-1-thread-1" [_thread_in_Java, id=2028, stack(0x000000000ae50000,0x000000000af50000)]
  0x00000000090d3000 JavaThread "Service Thread" daemon [_thread_blocked, id=13308, stack(0x000000000a850000,0x000000000a950000)]
  0x00000000090c0000 JavaThread "C2 CompilerThread1" daemon [_thread_in_native, id=2064, stack(0x000000000a750000,0x000000000a850000)]
=>0x00000000090be800 JavaThread "C2 CompilerThread0" daemon [_thread_in_native, id=15052, stack(0x000000000a650000,0x000000000a750000)]
  0x00000000090bd800 JavaThread "Attach Listener" daemon [_thread_blocked, id=21604, stack(0x000000000a550000,0x000000000a650000)]
  0x00000000090ae800 JavaThread "Signal Dispatcher" daemon [_thread_blocked, id=9144, stack(0x000000000a450000,0x000000000a550000)]
  0x0000000009079000 JavaThread "Finalizer" daemon [_thread_blocked, id=11272, stack(0x000000000a330000,0x000000000a430000)]
  0x0000000009075800 JavaThread "Reference Handler" daemon [_thread_blocked, id=15416, stack(0x000000000a230000,0x000000000a330000)]
  0x000000000328d800 JavaThread "main" [_thread_in_Java, id=18224, stack(0x0000000002f80000,0x0000000003080000)]

Other Threads:
  0x0000000009071800 VMThread [stack: 0x000000000a130000,0x000000000a230000] [id=17544]
  0x00000000090dc800 WatcherThread [stack: 0x000000000a950000,0x000000000aa50000] [id=8528]

VM state:not at safepoint (normal execution)

VM Mutex/Monitor currently owned by a thread: None

Heap
 PSYoungGen      total 18944K, used 15969K [0x00000000eaa80000, 0x00000000ebf80000, 0x0000000100000000)
  eden space 16384K, 81% used [0x00000000eaa80000,0x00000000eb799d40,0x00000000eba80000)
  from space 2560K, 99% used [0x00000000eba80000,0x00000000ebcfeab8,0x00000000ebd00000)
  to   space 2560K, 0% used [0x00000000ebd00000,0x00000000ebd00000,0x00000000ebf80000)
 ParOldGen       total 42496K, used 1607K [0x00000000c0000000, 0x00000000c2980000, 0x00000000eaa80000)
  object space 42496K, 3% used [0x00000000c0000000,0x00000000c0191ef0,0x00000000c2980000)
 PSPermGen       total 21504K, used 5853K [0x00000000bae00000, 0x00000000bc300000, 0x00000000c0000000)
  object space 21504K, 27% used [0x00000000bae00000,0x00000000bb3b77a0,0x00000000bc300000)

Card table byte_map: [0x0000000006290000,0x00000000064c0000] byte_map_base: 0x0000000005cb9000

Polling page: 0x0000000003080000

Code Cache  [0x0000000003290000, 0x0000000003500000, 0x0000000006290000)
 total_blobs=456 nmethods=218 adapters=188 free_code_cache=48323Kb largest_free_block=49467584

Compilation events (10 events):
Event: 2.657 Thread 0x00000000090c0000 nmethod 215 0x000000000335b150 code [0x000000000335b2a0, 0x000000000335b3d8]
Event: 2.657 Thread 0x00000000090c0000  216   !         com.android.dx.util.IntList::set (53 bytes)
Event: 2.657 Thread 0x00000000090c0000 nmethod 216 0x000000000335ae10 code [0x000000000335af60, 0x000000000335b038]
Event: 2.658 Thread 0x00000000090c0000  217             com.android.dx.rop.code.LocalVariableExtractor::processBlock (327 bytes)
Event: 2.677 Thread 0x00000000090c0000 nmethod 217 0x0000000003360b50 code [0x0000000003360d80, 0x00000000033618b0]
Event: 2.677 Thread 0x00000000090c0000  218             com.android.dx.rop.type.Type::equals (31 bytes)
Event: 2.678 Thread 0x00000000090c0000 nmethod 218 0x000000000335ca10 code [0x000000000335cb60, 0x000000000335ccd8]
Event: 2.678 Thread 0x00000000090c0000  219             com.android.dx.rop.code.Rop::isCallLike (5 bytes)
Event: 2.678 Thread 0x00000000090c0000 nmethod 219 0x000000000335c810 code [0x000000000335c940, 0x000000000335c998]
Event: 2.678 Thread 0x00000000090c0000  220             com.android.dx.ssa.SsaBasicBlock::newFromRop (183 bytes)

GC Heap History (2 events):
Event: 2.112 GC heap before
{Heap before GC invocations=1 (full 0):
 PSYoungGen      total 18944K, used 16384K [0x00000000eaa80000, 0x00000000ebf80000, 0x0000000100000000)
  eden space 16384K, 100% used [0x00000000eaa80000,0x00000000eba80000,0x00000000eba80000)
  from space 2560K, 0% used [0x00000000ebd00000,0x00000000ebd00000,0x00000000ebf80000)
  to   space 2560K, 0% used [0x00000000eba80000,0x00000000eba80000,0x00000000ebd00000)
 ParOldGen       total 42496K, used 0K [0x00000000c0000000, 0x00000000c2980000, 0x00000000eaa80000)
  object space 42496K, 0% used [0x00000000c0000000,0x00000000c0000000,0x00000000c2980000)
 PSPermGen       total 21504K, used 5692K [0x00000000bae00000, 0x00000000bc300000, 0x00000000c0000000)
  object space 21504K, 26% used [0x00000000bae00000,0x00000000bb38f2f8,0x00000000bc300000)
Event: 2.322 GC heap after
Heap after GC invocations=1 (full 0):
 PSYoungGen      total 18944K, used 2554K [0x00000000eaa80000, 0x00000000ebf80000, 0x0000000100000000)
  eden space 16384K, 0% used [0x00000000eaa80000,0x00000000eaa80000,0x00000000eba80000)
  from space 2560K, 99% used [0x00000000eba80000,0x00000000ebcfeab8,0x00000000ebd00000)
  to   space 2560K, 0% used [0x00000000ebd00000,0x00000000ebd00000,0x00000000ebf80000)
 ParOldGen       total 42496K, used 1607K [0x00000000c0000000, 0x00000000c2980000, 0x00000000eaa80000)
  object space 42496K, 3% used [0x00000000c0000000,0x00000000c0191ef0,0x00000000c2980000)
 PSPermGen       total 21504K, used 5692K [0x00000000bae00000, 0x00000000bc300000, 0x00000000c0000000)
  object space 21504K, 26% used [0x00000000bae00000,0x00000000bb38f2f8,0x00000000bc300000)
}

Deoptimization events (2 events):
Event: 2.535 Thread 0x000000000acbd800 Uncommon trap: reason=null_check action=make_not_entrant pc=0x000000000330c854 method=com.android.dx.rop.type.Type.equals(Ljava/lang/Object;)Z @ 8
Event: 2.598 Thread 0x000000000ab0a000 Uncommon trap: reason=unreached action=reinterpret pc=0x000000000334cf38 method=com.android.dx.ssa.SCCP.simulateBranch(Lcom/android/dx/ssa/SsaInsn;)V @ 132

Internal exceptions (10 events):
Event: 1.145 Thread 0x000000000ab0a000 Threw 0x00000000eb39c6b8 at C:\re\jdk7u79\2331\hotspot\src\share\vm\prims\jvm.cpp:1304
Event: 1.162 Thread 0x000000000ab0a000 Threw 0x00000000eb3e4128 at C:\re\jdk7u79\2331\hotspot\src\share\vm\prims\jvm.cpp:1304
Event: 1.163 Thread 0x000000000ab0a000 Threw 0x00000000eb3e99f0 at C:\re\jdk7u79\2331\hotspot\src\share\vm\prims\jvm.cpp:1304
Event: 1.164 Thread 0x000000000ab0a000 Threw 0x00000000eb3ef180 at C:\re\jdk7u79\2331\hotspot\src\share\vm\prims\jvm.cpp:1304
Event: 1.312 Thread 0x000000000acba800 Threw 0x00000000eb5679e0 at C:\re\jdk7u79\2331\hotspot\src\share\vm\prims\jvm.cpp:1304
Event: 2.087 Thread 0x000000000acbd800 Threw 0x00000000eb9797d0 at C:\re\jdk7u79\2331\hotspot\src\share\vm\prims\jvm.cpp:1304
Event: 2.328 Thread 0x000000000328d800 Threw 0x00000000eaba7548 at C:\re\jdk7u79\2331\hotspot\src\share\vm\prims\jvm.cpp:1304
Event: 2.383 Thread 0x000000000328d800 Threw 0x00000000eaebf278 at C:\re\jdk7u79\2331\hotspot\src\share\vm\prims\jvm.cpp:1304
Event: 2.535 Thread 0x000000000acbd800 Implicit null exception at 0x000000000330c752 to 0x000000000330c845
Event: 2.541 Thread 0x000000000acc0000 Threw 0x00000000eb0c6128 at C:\re\jdk7u79\2331\hotspot\src\share\vm\prims\jvm.cpp:1304

Events (10 events):
Event: 2.383 loading class 0x000000000aad44a0
Event: 2.383 loading class 0x000000000aad44a0 done
Event: 2.535 Thread 0x000000000acbd800 Uncommon trap: trap_request=0xfffffff4 fr.pc=0x000000000330c854
Event: 2.535 Thread 0x000000000acbd800 DEOPT PACKING pc=0x000000000330c854 sp=0x000000000b24ec60
Event: 2.536 Thread 0x000000000acbd800 DEOPT UNPACKING pc=0x00000000032c75a4 sp=0x000000000b24ebf8 mode 2
Event: 2.541 loading class 0x000000000ab35950
Event: 2.541 loading class 0x000000000ab35950 done
Event: 2.598 Thread 0x000000000ab0a000 Uncommon trap: trap_request=0xffffffad fr.pc=0x000000000334cf38
Event: 2.598 Thread 0x000000000ab0a000 DEOPT PACKING pc=0x000000000334cf38 sp=0x000000000af4e7d0
Event: 2.598 Thread 0x000000000ab0a000 DEOPT UNPACKING pc=0x00000000032c75a4 sp=0x000000000af4e748 mode 2


Dynamic libraries:
0x00007ff793380000 - 0x00007ff7933b3000 	C:\Program Files\Java\jdk1.7.0_79\bin\java.exe
0x00007ff8b3f70000 - 0x00007ff8b4131000 	C:\WINDOWS\SYSTEM32\ntdll.dll
0x00007ff8b2530000 - 0x00007ff8b25dd000 	C:\WINDOWS\system32\KERNEL32.DLL
0x00007ff8b0df0000 - 0x00007ff8b0fd8000 	C:\WINDOWS\system32\KERNELBASE.dll
0x00007ff8b1bb0000 - 0x00007ff8b1c57000 	C:\WINDOWS\system32\ADVAPI32.dll
0x00007ff8b1900000 - 0x00007ff8b199d000 	C:\WINDOWS\system32\msvcrt.dll
0x00007ff8b20d0000 - 0x00007ff8b212b000 	C:\WINDOWS\system32\sechost.dll
0x00007ff8b3bf0000 - 0x00007ff8b3d0c000 	C:\WINDOWS\system32\RPCRT4.dll
0x00007ff8b1370000 - 0x00007ff8b14c6000 	C:\WINDOWS\system32\USER32.dll
0x00007ff8b19a0000 - 0x00007ff8b1b26000 	C:\WINDOWS\system32\GDI32.dll
0x00007ff8abf00000 - 0x00007ff8ac174000 	C:\WINDOWS\WinSxS\amd64_microsoft.windows.common-controls_6595b64144ccf1df_6.0.10586.494_none_a2d8b04ea53e3145\COMCTL32.dll
0x00007ff8b1d40000 - 0x00007ff8b1fbd000 	C:\WINDOWS\system32\combase.dll
0x00007ff8b1130000 - 0x00007ff8b119a000 	C:\WINDOWS\system32\bcryptPrimitives.dll
0x00007ff8b3dd0000 - 0x00007ff8b3e0b000 	C:\WINDOWS\system32\IMM32.DLL
0x0000000071220000 - 0x00000000712f2000 	C:\Program Files\Java\jdk1.7.0_79\jre\bin\msvcr100.dll
0x0000000071b60000 - 0x0000000072335000 	C:\Program Files\Java\jdk1.7.0_79\jre\bin\server\jvm.dll
0x00007ff8b3f60000 - 0x00007ff8b3f68000 	C:\WINDOWS\system32\PSAPI.DLL
0x00007ff88de20000 - 0x00007ff88de29000 	C:\WINDOWS\SYSTEM32\WSOCK32.dll
0x00007ff8b2300000 - 0x00007ff8b236b000 	C:\WINDOWS\system32\WS2_32.dll
0x00007ff8ae880000 - 0x00007ff8ae8a3000 	C:\WINDOWS\SYSTEM32\WINMM.dll
0x00007ff8ae690000 - 0x00007ff8ae6bc000 	C:\WINDOWS\SYSTEM32\WINMMBASE.dll
0x00007ff8b0620000 - 0x00007ff8b0663000 	C:\WINDOWS\system32\cfgmgr32.dll
0x0000000072520000 - 0x000000007252f000 	C:\Program Files\Java\jdk1.7.0_79\jre\bin\verify.dll
0x00000000724f0000 - 0x0000000072518000 	C:\Program Files\Java\jdk1.7.0_79\jre\bin\java.dll
0x0000000071a60000 - 0x0000000071a75000 	C:\Program Files\Java\jdk1.7.0_79\jre\bin\zip.dll
0x0000000071a40000 - 0x0000000071a5a000 	C:\Program Files\Java\jdk1.7.0_79\jre\bin\net.dll
0x00007ff8afe60000 - 0x00007ff8afebc000 	C:\WINDOWS\system32\mswsock.dll
0x0000000071a20000 - 0x0000000071a31000 	C:\Program Files\Java\jdk1.7.0_79\jre\bin\nio.dll

VM Arguments:
jvm_args: -Djava.awt.headless=true -Xmx1024M -Dfile.encoding=x-windows-874 -Duser.country=GB -Duser.language=en -Duser.variant 
java_command: com.android.dx.command.Main --dex --force-jumbo --num-threads=4 --output C:\AndroidStudioProjects\LeeCerBookApp\app\build\intermediates\pre-dexed\debug\com.google.firebase-firebase-analytics-impl-9.0.2_ed19291dd36216941963c106c317faf11be1ca46.jar C:\AndroidStudioProjects\LeeCerBookApp\app\build\intermediates\exploded-aar\com.google.firebase\firebase-analytics-impl\9.0.2\jars\classes.jar
Launcher Type: SUN_STANDARD

Environment Variables:
JAVA_HOME=C:\Program Files\Java\jdk1.7.0_79
PATH=