#
# There is insufficient memory for the Java Runtime Environment to continue.
# Native memory allocation (malloc) failed to allocate 349696 bytes for Chunk::new
# Possible reasons:
#   The system is out of physical RAM or swap space
#   In 32 bit mode, the process size limit was hit
# Possible solutions:
#   Reduce memory load on the system
#   Increase physical memory or swap space
#   Check if swap backing store is full
#   Use 64 bit Java on a 64 bit OS
#   Decrease Java heap size (-Xmx/-Xms)
#   Decrease number of Java threads
#   Decrease Java thread stack sizes (-Xss)
#   Set larger code cache with -XX:ReservedCodeCacheSize=
# This output file may be truncated or incomplete.
#
#  Out of Memory Error (allocation.cpp:323), pid=22480, tid=20116
#
# JRE version: Java(TM) SE Runtime Environment (7.0_79-b15) (build 1.7.0_79-b15)
# Java VM: Java HotSpot(TM) 64-Bit Server VM (24.79-b02 mixed mode windows-amd64 compressed oops)
# Failed to write core dump. Minidumps are not enabled by default on client versions of Windows
#

---------------  T H R E A D  ---------------

Current thread (0x0000000008220000):  JavaThread "C2 CompilerThread0" daemon [_thread_in_native, id=20116, stack(0x00000000097d0000,0x00000000098d0000)]

Stack: [0x00000000097d0000,0x00000000098d0000]

Current CompileTask:
C2:  10158  712             com.android.dx.dex.code.StdCatchBuilder::build (262 bytes)


---------------  P R O C E S S  ---------------

Java Threads: ( => current thread )
  0x000000000823f000 JavaThread "Service Thread" daemon [_thread_blocked, id=22308, stack(0x00000000099d0000,0x0000000009ad0000)]
  0x000000000823c800 JavaThread "C2 CompilerThread1" daemon [_thread_blocked, id=17124, stack(0x00000000098d0000,0x00000000099d0000)]
=>0x0000000008220000 JavaThread "C2 CompilerThread0" daemon [_thread_in_native, id=20116, stack(0x00000000097d0000,0x00000000098d0000)]
  0x000000000822f800 JavaThread "Attach Listener" daemon [_thread_blocked, id=13612, stack(0x00000000096d0000,0x00000000097d0000)]
  0x000000000821f000 JavaThread "Signal Dispatcher" daemon [_thread_blocked, id=15708, stack(0x00000000095d0000,0x00000000096d0000)]
  0x00000000081e9000 JavaThread "Finalizer" daemon [_thread_blocked, id=19196, stack(0x00000000094b0000,0x00000000095b0000)]
  0x00000000081e5800 JavaThread "Reference Handler" daemon [_thread_blocked, id=11504, stack(0x00000000093b0000,0x00000000094b0000)]
  0x000000000216d800 JavaThread "main" [_thread_in_Java, id=20968, stack(0x0000000002170000,0x0000000002270000)]

Other Threads:
  0x00000000081e1800 VMThread [stack: 0x00000000092b0000,0x00000000093b0000] [id=4280]
  0x000000000824d000 WatcherThread [stack: 0x0000000009ad0000,0x0000000009bd0000] [id=12928]

VM state:not at safepoint (normal execution)

VM Mutex/Monitor currently owned by a thread: None

Heap
 PSYoungGen      total 147968K, used 35540K [0x00000000eaa80000, 0x00000000f5280000, 0x0000000100000000)
  eden space 127488K, 19% used [0x00000000eaa80000,0x00000000ec275690,0x00000000f2700000)
  from space 20480K, 53% used [0x00000000f2700000,0x00000000f31bfc60,0x00000000f3b00000)
  to   space 16896K, 0% used [0x00000000f3b00000,0x00000000f3b00000,0x00000000f4b80000)
 ParOldGen       total 43008K, used 42530K [0x00000000c0000000, 0x00000000c2a00000, 0x00000000eaa80000)
  object space 43008K, 98% used [0x00000000c0000000,0x00000000c2988ac8,0x00000000c2a00000)
 PSPermGen       total 21504K, used 6231K [0x00000000bae00000, 0x00000000bc300000, 0x00000000c0000000)
  object space 21504K, 28% used [0x00000000bae00000,0x00000000bb415e98,0x00000000bc300000)

Card table byte_map: [0x0000000005430000,0x0000000005660000] byte_map_base: 0x0000000004e59000

Polling page: 0x00000000020f0000

Code Cache  [0x0000000002370000, 0x0000000002620000, 0x0000000005370000)
 total_blobs=943 nmethods=707 adapters=188 free_code_cache=46610Kb largest_free_block=47551616

Compilation events (10 events):
Event: 10.107 Thread 0x0000000008220000  710             com.android.dx.rop.code.Insn::canThrow (8 bytes)
Event: 10.107 Thread 0x0000000008220000 nmethod 710 0x000000000245d850 code [0x000000000245d9a0, 0x000000000245da58]
Event: 10.115 Thread 0x000000000823c800  711             com.android.dx.dex.code.DalvInsn::getAddress (22 bytes)
Event: 10.116 Thread 0x000000000823c800 nmethod 711 0x000000000245d650 code [0x000000000245d780, 0x000000000245d7d8]
Event: 10.119 Thread 0x0000000008220000  712             com.android.dx.dex.code.StdCatchBuilder::build (262 bytes)
Event: 10.120 Thread 0x000000000823c800  713             com.android.dx.dex.code.FixedSizeInsn::codeSize (11 bytes)
Event: 10.121 Thread 0x000000000823c800 nmethod 713 0x00000000024612d0 code [0x0000000002461420, 0x0000000002461498]
Event: 10.122 Thread 0x000000000823c800  714             com.android.dx.rop.code.BasicBlock::canThrow (11 bytes)
Event: 10.123 Thread 0x000000000823c800 nmethod 714 0x0000000002460cd0 code [0x0000000002460e20, 0x0000000002460f58]
Event: 10.125 Thread 0x000000000823c800  715             com.android.dx.dex.file.CodeItem$1::getIndex (20 bytes)

GC Heap History (10 events):
Event: 3.482 GC heap before
{Heap before GC invocations=4 (full 0):
 PSYoungGen      total 35328K, used 35296K [0x00000000eaa80000, 0x00000000eef80000, 0x0000000100000000)
  eden space 32768K, 100% used [0x00000000eaa80000,0x00000000eca80000,0x00000000eca80000)
  from space 2560K, 98% used [0x00000000eca80000,0x00000000eccf8028,0x00000000ecd00000)
  to   space 2560K, 0% used [0x00000000eed00000,0x00000000eed00000,0x00000000eef80000)
 ParOldGen       total 42496K, used 7263K [0x00000000c0000000, 0x00000000c2980000, 0x00000000eaa80000)
  object space 42496K, 17% used [0x00000000c0000000,0x00000000c0717dd8,0x00000000c2980000)
 PSPermGen       total 21504K, used 5957K [0x00000000bae00000, 0x00000000bc300000, 0x00000000c0000000)
  object space 21504K, 27% used [0x00000000bae00000,0x00000000bb3d1488,0x00000000bc300000)
Event: 3.506 GC heap after
Heap after GC invocations=4 (full 0):
 PSYoungGen      total 68096K, used 2528K [0x00000000eaa80000, 0x00000000eef80000, 0x0000000100000000)
  eden space 65536K, 0% used [0x00000000eaa80000,0x00000000eaa80000,0x00000000eea80000)
  from space 2560K, 98% used [0x00000000eed00000,0x00000000eef78028,0x00000000eef80000)
  to   space 2560K, 0% used [0x00000000eea80000,0x00000000eea80000,0x00000000eed00000)
 ParOldGen       total 42496K, used 13254K [0x00000000c0000000, 0x00000000c2980000, 0x00000000eaa80000)
  object space 42496K, 31% used [0x00000000c0000000,0x00000000c0cf1af0,0x00000000c2980000)
 PSPermGen       total 21504K, used 5957K [0x00000000bae00000, 0x00000000bc300000, 0x00000000c0000000)
  object space 21504K, 27% used [0x00000000bae00000,0x00000000bb3d1488,0x00000000bc300000)
}
Event: 4.092 GC heap before
{Heap before GC invocations=5 (full 0):
 PSYoungGen      total 68096K, used 68064K [0x00000000eaa80000, 0x00000000eef80000, 0x0000000100000000)
  eden space 65536K, 100% used [0x00000000eaa80000,0x00000000eea80000,0x00000000eea80000)
  from space 2560K, 98% used [0x00000000eed00000,0x00000000eef78028,0x00000000eef80000)
  to   space 2560K, 0% used [0x00000000eea80000,0x00000000eea80000,0x00000000eed00000)
 ParOldGen       total 42496K, used 13254K [0x00000000c0000000, 0x00000000c2980000, 0x00000000eaa80000)
  object space 42496K, 31% used [0x00000000c0000000,0x00000000c0cf1af0,0x00000000c2980000)
 PSPermGen       total 21504K, used 6006K [0x00000000bae00000, 0x00000000bc300000, 0x00000000c0000000)
  object space 21504K, 27% used [0x00000000bae00000,0x00000000bb3dda70,0x00000000bc300000)
Event: 4.185 GC heap after
Heap after GC invocations=5 (full 0):
 PSYoungGen      total 68096K, used 2560K [0x00000000eaa80000, 0x00000000f4b80000, 0x0000000100000000)
  eden space 65536K, 0% used [0x00000000eaa80000,0x00000000eaa80000,0x00000000eea80000)
  from space 2560K, 100% used [0x00000000eea80000,0x00000000eed00000,0x00000000eed00000)
  to   space 16896K, 0% used [0x00000000f3b00000,0x00000000f3b00000,0x00000000f4b80000)
 ParOldGen       total 42496K, used 27012K [0x00000000c0000000, 0x00000000c2980000, 0x00000000eaa80000)
  object space 42496K, 63% used [0x00000000c0000000,0x00000000c1a61108,0x00000000c2980000)
 PSPermGen       total 21504K, used 6006K [0x00000000bae00000, 0x00000000bc300000, 0x00000000c0000000)
  object space 21504K, 27% used [0x00000000bae00000,0x00000000bb3dda70,0x00000000bc300000)
}
Event: 4.741 GC heap before
{Heap before GC invocations=6 (full 0):
 PSYoungGen      total 68096K, used 68096K [0x00000000eaa80000, 0x00000000f4b80000, 0x0000000100000000)
  eden space 65536K, 100% used [0x00000000eaa80000,0x00000000eea80000,0x00000000eea80000)
  from space 2560K, 100% used [0x00000000eea80000,0x00000000eed00000,0x00000000eed00000)
  to   space 16896K, 0% used [0x00000000f3b00000,0x00000000f3b00000,0x00000000f4b80000)
 ParOldGen       total 42496K, used 27012K [0x00000000c0000000, 0x00000000c2980000, 0x00000000eaa80000)
  object space 42496K, 63% used [0x00000000c0000000,0x00000000c1a61108,0x00000000c2980000)
 PSPermGen       total 21504K, used 6036K [0x00000000bae00000, 0x00000000bc300000, 0x00000000c0000000)
  object space 21504K, 28% used [0x00000000bae00000,0x00000000bb3e5360,0x00000000bc300000)
Event: 4.769 GC heap after
Heap after GC invocations=6 (full 0):
 PSYoungGen      total 144384K, used 16666K [0x00000000eaa80000, 0x00000000f5280000, 0x0000000100000000)
  eden space 127488K, 0% used [0x00000000eaa80000,0x00000000eaa80000,0x00000000f2700000)
  from space 16896K, 98% used [0x00000000f3b00000,0x00000000f4b468a0,0x00000000f4b80000)
  to   space 20480K, 0% used [0x00000000f2700000,0x00000000f2700000,0x00000000f3b00000)
 ParOldGen       total 42496K, used 27012K [0x00000000c0000000, 0x00000000c2980000, 0x00000000eaa80000)
  object space 42496K, 63% used [0x00000000c0000000,0x00000000c1a61108,0x00000000c2980000)
 PSPermGen       total 21504K, used 6036K [0x00000000bae00000, 0x00000000bc300000, 0x00000000c0000000)
  object space 21504K, 28% used [0x00000000bae00000,0x00000000bb3e5360,0x00000000bc300000)
}
Event: 7.215 GC heap before
{Heap before GC invocations=7 (full 0):
 PSYoungGen      total 144384K, used 144154K [0x00000000eaa80000, 0x00000000f5280000, 0x0000000100000000)
  eden space 127488K, 100% used [0x00000000eaa80000,0x00000000f2700000,0x00000000f2700000)
  from space 16896K, 98% used [0x00000000f3b00000,0x00000000f4b468a0,0x00000000f4b80000)
  to   space 20480K, 0% used [0x00000000f2700000,0x00000000f2700000,0x00000000f3b00000)
 ParOldGen       total 42496K, used 27012K [0x00000000c0000000, 0x00000000c2980000, 0x00000000eaa80000)
  object space 42496K, 63% used [0x00000000c0000000,0x00000000c1a61108,0x00000000c2980000)
 PSPermGen       total 21504K, used 6061K [0x00000000bae00000, 0x00000000bc300000, 0x00000000c0000000)
  object space 21504K, 28% used [0x00000000bae00000,0x00000000bb3eb798,0x00000000bc300000)
Event: 7.712 GC heap after
Heap after GC invocations=7 (full 0):
 PSYoungGen      total 147968K, used 20464K [0x00000000eaa80000, 0x00000000f5280000, 0x0000000100000000)
  eden space 127488K, 0% used [0x00000000eaa80000,0x00000000eaa80000,0x00000000f2700000)
  from space 20480K, 99% used [0x00000000f2700000,0x00000000f3afc030,0x00000000f3b00000)
  to   space 16896K, 0% used [0x00000000f3b00000,0x00000000f3b00000,0x00000000f4b80000)
 ParOldGen       total 43008K, used 42812K [0x00000000c0000000, 0x00000000c2a00000, 0x00000000eaa80000)
  object space 43008K, 99% used [0x00000000c0000000,0x00000000c29cf158,0x00000000c2a00000)
 PSPermGen       total 21504K, used 6061K [0x00000000bae00000, 0x00000000bc300000, 0x00000000c0000000)
  object space 21504K, 28% used [0x00000000bae00000,0x00000000bb3eb798,0x00000000bc300000)
}
Event: 7.712 GC heap before
{Heap before GC invocations=8 (full 1):
 PSYoungGen      total 147968K, used 20464K [0x00000000eaa80000, 0x00000000f5280000, 0x0000000100000000)
  eden space 127488K, 0% used [0x00000000eaa80000,0x00000000eaa80000,0x00000000f2700000)
  from space 20480K, 99% used [0x00000000f2700000,0x00000000f3afc030,0x00000000f3b00000)
  to   space 16896K, 0% used [0x00000000f3b00000,0x00000000f3b00000,0x00000000f4b80000)
 ParOldGen       total 43008K, used 42812K [0x00000000c0000000, 0x00000000c2a00000, 0x00000000eaa80000)
  object space 43008K, 99% used [0x00000000c0000000,0x00000000c29cf158,0x00000000c2a00000)
 PSPermGen       total 21504K, used 6061K [0x00000000bae00000, 0x00000000bc300000, 0x00000000c0000000)
  object space 21504K, 28% used [0x00000000bae00000,0x00000000bb3eb798,0x00000000bc300000)
Event: 9.623 GC heap after
Heap after GC invocations=8 (full 1):
 PSYoungGen      total 147968K, used 11007K [0x00000000eaa80000, 0x00000000f5280000, 0x0000000100000000)
  eden space 127488K, 0% used [0x00000000eaa80000,0x00000000eaa80000,0x00000000f2700000)
  from space 20480K, 53% used [0x00000000f2700000,0x00000000f31bfc60,0x00000000f3b00000)
  to   space 16896K, 0% used [0x00000000f3b00000,0x00000000f3b00000,0x00000000f4b80000)
 ParOldGen       total 43008K, used 42530K [0x00000000c0000000, 0x00000000c2a00000, 0x00000000eaa80000)
  object space 43008K, 98% used [0x00000000c0000000,0x00000000c2988ac8,0x00000000c2a00000)
 PSPermGen       total 21504K, used 6057K [0x00000000bae00000, 0x00000000bc300000, 0x00000000c0000000)
  object space 21504K, 28% used [0x00000000bae00000,0x00000000bb3ea678,0x00000000bc300000)
}

Deoptimization events (10 events):
Event: 3.982 Thread 0x0000000009d27000 Uncommon trap: reason=bimorphic action=maybe_recompile pc=0x000000000256fd44 method=com.android.dx.cf.code.BytecodeArray.parseInstruction(ILcom/android/dx/cf/code/BytecodeArray$Visitor;)I @ 2135
Event: 3.982 Thread 0x0000000009d27000 Uncommon trap: reason=bimorphic action=maybe_recompile pc=0x000000000256fd44 method=com.android.dx.cf.code.BytecodeArray.parseInstruction(ILcom/android/dx/cf/code/BytecodeArray$Visitor;)I @ 2135
Event: 4.590 Thread 0x000000000216d800 Uncommon trap: reason=unloaded action=reinterpret pc=0x0000000002588c2c method=com.android.dx.cf.cst.ConstantPoolParser.parse0(ILjava/util/BitSet;)Lcom/android/dx/rop/cst/Constant; @ 220
Event: 4.725 Thread 0x0000000009d26000 Uncommon trap: reason=bimorphic action=maybe_recompile pc=0x00000000025a6880 method=com.android.dx.cf.code.BytecodeArray.parseInstruction(ILcom/android/dx/cf/code/BytecodeArray$Visitor;)I @ 2281
Event: 4.726 Thread 0x0000000009d26000 Uncommon trap: reason=bimorphic action=maybe_recompile pc=0x00000000025a6880 method=com.android.dx.cf.code.BytecodeArray.parseInstruction(ILcom/android/dx/cf/code/BytecodeArray$Visitor;)I @ 2281
Event: 5.166 Thread 0x0000000009d27000 Uncommon trap: reason=bimorphic action=maybe_recompile pc=0x00000000025cdb68 method=com.android.dx.cf.code.BytecodeArray.parseInstruction(ILcom/android/dx/cf/code/BytecodeArray$Visitor;)I @ 1357
Event: 5.166 Thread 0x0000000009d27000 Uncommon trap: reason=bimorphic action=maybe_recompile pc=0x00000000025cdb68 method=com.android.dx.cf.code.BytecodeArray.parseInstruction(ILcom/android/dx/cf/code/BytecodeArray$Visitor;)I @ 1357
Event: 5.830 Thread 0x0000000009e09800 Uncommon trap: reason=bimorphic action=maybe_recompile pc=0x00000000024e146c method=com.android.dx.cf.code.RopperMachine.run(Lcom/android/dx/cf/code/Frame;II)V @ 310
Event: 5.830 Thread 0x0000000009e09800 Uncommon trap: reason=bimorphic action=maybe_recompile pc=0x00000000024e146c method=com.android.dx.cf.code.RopperMachine.run(Lcom/android/dx/cf/code/Frame;II)V @ 310
Event: 9.628 Thread 0x0000000009e09800 Uncommon trap: reason=bimorphic action=maybe_recompile pc=0x0000000002605bb4 method=com.android.dx.cf.code.RopperMachine.run(Lcom/android/dx/cf/code/Frame;II)V @ 988

Internal exceptions (10 events):
Event: 9.963 Thread 0x000000000216d800 Threw 0x00000000ec0230d8 at C:\re\jdk7u79\2331\hotspot\src\share\vm\prims\jvm.cpp:1304
Event: 9.964 Thread 0x000000000216d800 Threw 0x00000000ec0267f8 at C:\re\jdk7u79\2331\hotspot\src\share\vm\prims\jvm.cpp:1304
Event: 9.964 Thread 0x000000000216d800 Threw 0x00000000ec0290d8 at C:\re\jdk7u79\2331\hotspot\src\share\vm\prims\jvm.cpp:1304
Event: 9.965 Thread 0x000000000216d800 Threw 0x00000000ec02e1c8 at C:\re\jdk7u79\2331\hotspot\src\share\vm\prims\jvm.cpp:1304
Event: 9.969 Thread 0x000000000216d800 Threw 0x00000000ec034650 at C:\re\jdk7u79\2331\hotspot\src\share\vm\prims\jvm.cpp:1304
Event: 9.970 Thread 0x000000000216d800 Threw 0x00000000ec038c58 at C:\re\jdk7u79\2331\hotspot\src\share\vm\prims\jvm.cpp:1304
Event: 9.972 Thread 0x000000000216d800 Threw 0x00000000ec03e868 at C:\re\jdk7u79\2331\hotspot\src\share\vm\prims\jvm.cpp:1304
Event: 9.972 Thread 0x000000000216d800 Threw 0x00000000ec0418d0 at C:\re\jdk7u79\2331\hotspot\src\share\vm\prims\jvm.cpp:1304
Event: 9.973 Thread 0x000000000216d800 Threw 0x00000000ec044990 at C:\re\jdk7u79\2331\hotspot\src\share\vm\prims\jvm.cpp:1304
Event: 10.055 Thread 0x000000000216d800 Threw 0x00000000ec078260 at C:\re\jdk7u79\2331\hotspot\src\share\vm\prims\jvm.cpp:1304

Events (10 events):
Event: 9.970 loading class 0x0000000009e6c320
Event: 9.970 loading class 0x0000000009e6c320 done
Event: 9.972 loading class 0x000000000b3e6cb0
Event: 9.972 loading class 0x000000000b3e6cb0 done
Event: 9.972 loading class 0x0000000009e6c4e0
Event: 9.972 loading class 0x0000000009e6c4e0 done
Event: 9.973 loading class 0x0000000009c3dea0
Event: 9.973 loading class 0x0000000009c3dea0 done
Event: 10.055 loading class 0x0000000009ec6510
Event: 10.055 loading class 0x0000000009ec6510 done


Dynamic libraries:
0x00007ff793380000 - 0x00007ff7933b3000 	C:\Program Files\Java\jdk1.7.0_79\bin\java.exe
0x00007ff8b3f70000 - 0x00007ff8b4131000 	C:\WINDOWS\SYSTEM32\ntdll.dll
0x00007ff8b2530000 - 0x00007ff8b25dd000 	C:\WINDOWS\system32\KERNEL32.DLL
0x00007ff8b0df0000 - 0x00007ff8b0fd8000 	C:\WINDOWS\system32\KERNELBASE.dll
0x00007ff8b1bb0000 - 0x00007ff8b1c57000 	C:\WINDOWS\system32\ADVAPI32.dll
0x00007ff8b1900000 - 0x00007ff8b199d000 	C:\WINDOWS\system32\msvcrt.dll
0x00007ff8b20d0000 - 0x00007ff8b212b000 	C:\WINDOWS\system32\sechost.dll
0x00007ff8b3bf0000 - 0x00007ff8b3d0c000 	C:\WINDOWS\system32\RPCRT4.dll
0x00007ff8b1370000 - 0x00007ff8b14c6000 	C:\WINDOWS\system32\USER32.dll
0x00007ff8b19a0000 - 0x00007ff8b1b26000 	C:\WINDOWS\system32\GDI32.dll
0x00007ff8abf00000 - 0x00007ff8ac174000 	C:\WINDOWS\WinSxS\amd64_microsoft.windows.common-controls_6595b64144ccf1df_6.0.10586.494_none_a2d8b04ea53e3145\COMCTL32.dll
0x00007ff8b1d40000 - 0x00007ff8b1fbd000 	C:\WINDOWS\system32\combase.dll
0x00007ff8b1130000 - 0x00007ff8b119a000 	C:\WINDOWS\system32\bcryptPrimitives.dll
0x00007ff8b3dd0000 - 0x00007ff8b3e0b000 	C:\WINDOWS\system32\IMM32.DLL
0x0000000071220000 - 0x00000000712f2000 	C:\Program Files\Java\jdk1.7.0_79\jre\bin\msvcr100.dll
0x0000000071b60000 - 0x0000000072335000 	C:\Program Files\Java\jdk1.7.0_79\jre\bin\server\jvm.dll
0x00007ff8b3f60000 - 0x00007ff8b3f68000 	C:\WINDOWS\system32\PSAPI.DLL
0x00007ff88de20000 - 0x00007ff88de29000 	C:\WINDOWS\SYSTEM32\WSOCK32.dll
0x00007ff8b2300000 - 0x00007ff8b236b000 	C:\WINDOWS\system32\WS2_32.dll
0x00007ff8ae880000 - 0x00007ff8ae8a3000 	C:\WINDOWS\SYSTEM32\WINMM.dll
0x00007ff8ae690000 - 0x00007ff8ae6bc000 	C:\WINDOWS\SYSTEM32\WINMMBASE.dll
0x00007ff8b0620000 - 0x00007ff8b0663000 	C:\WINDOWS\system32\cfgmgr32.dll
0x0000000072520000 - 0x000000007252f000 	C:\Program Files\Java\jdk1.7.0_79\jre\bin\verify.dll
0x00000000724f0000 - 0x0000000072518000 	C:\Program Files\Java\jdk1.7.0_79\jre\bin\java.dll
0x0000000071a60000 - 0x0000000071a75000 	C:\Program Files\Java\jdk1.7.0_79\jre\bin\zip.dll
0x0000000071a40000 - 0x0000000071a5a000 	C:\Program Files\Java\jdk1.7.0_79\jre\bin\net.dll
0x00007ff8afe60000 - 0x00007ff8afebc000 	C:\WINDOWS\system32\mswsock.dll
0x0000000071a20000 - 0x0000000071a31000 	C:\Program Files\Java\jdk1.7.0_79\jre\bin\nio.dll

VM Arguments:
jvm_args: -Djava.awt.headless=true -Xmx1024M -Dfile.encoding=x-windows-874 -Duser.country=GB -Duser.language=en -Duser.variant 
java_command: com.android.dx.command.Main --dex --force-jumbo --num-threads=4 --output C:\AndroidStudioProjects\LeeCerBookApp\app\build\intermediates\pre-dexed\debug\com.google.android.gms-play-services-basement-9.0.2_d466c59e55e74fec07a36994cf667761b5b42a51.jar C:\AndroidStudioProjects\LeeCerBookApp\app\build\intermediates\exploded-aar\com.google.android.gms\play-services-basement\9.0.2\jars\classes.jar
Launcher Type: SUN_STANDARD

Environment Variables:
JAVA_HOME=C:\Program Files\Java\jdk1.7.0_79
PATH=
[error occurred during error reporting (printing environment variables), id 0xc0000005]



---------------  S Y S T E M  ---------------

OS: Windows 8.1 , 64 bit Build 9600 

CPU:total 4 (2 cores per cpu, 2 threads per core) family 6 model 69 stepping 1, cmov, cx8, fxsr, mmx, sse, sse2, sse3, ssse3, sse4.1, sse4.2, popcnt, avx, avx2, aes, erms, ht, tsc, tscinvbit

Memory: 4k page, physical 4083992k(178408k free), swap 16666904k(5244k free)

vm_info: Java HotSpot(TM) 64-Bit Server VM (24.79-b02) for windows-amd64 JRE (1.7.0_79-b15), built on Apr 10 2015 12:36:16 by "java_re" with unknown MS VC++:1600

time: Tue Aug 09 20:57:59 2016
elapsed time: 10 seconds

