#
# There is insufficient memory for the Java Runtime Environment to continue.
# Native memory allocation (malloc) failed to allocate 44544 bytes for Chunk::new
# Possible reasons:
#   The system is out of physical RAM or swap space
#   In 32 bit mode, the process size limit was hit
# Possible solutions:
#   Reduce memory load on the system
#   Increase physical memory or swap space
#   Check if swap backing store is full
#   Use 64 bit Java on a 64 bit OS
#   Decrease Java heap size (-Xmx/-Xms)
#   Decrease number of Java threads
#   Decrease Java thread stack sizes (-Xss)
#   Set larger code cache with -XX:ReservedCodeCacheSize=
# This output file may be truncated or incomplete.
#
#  Out of Memory Error (allocation.cpp:323), pid=17480, tid=12180
#
# JRE version: Java(TM) SE Runtime Environment (7.0_79-b15) (build 1.7.0_79-b15)
# Java VM: Java HotSpot(TM) 64-Bit Server VM (24.79-b02 mixed mode windows-amd64 compressed oops)
# Failed to write core dump. Minidumps are not enabled by default on client versions of Windows
#

---------------  T H R E A D  ---------------

Current thread (0x00000000084ee800):  JavaThread "C2 CompilerThread0" daemon [_thread_in_native, id=12180, stack(0x0000000009a60000,0x0000000009b60000)]

Stack: [0x0000000009a60000,0x0000000009b60000]

Current CompileTask:
C2:   3337  269             com.android.dx.dex.code.RopTranslator::pickOrder (400 bytes)


---------------  P R O C E S S  ---------------

Java Threads: ( => current thread )
  0x000000000a096000 JavaThread "pool-1-thread-4" [_thread_blocked, id=11844, stack(0x000000000a660000,0x000000000a760000)]
  0x000000000a054800 JavaThread "pool-1-thread-3" [_thread_in_Java, id=7256, stack(0x000000000a560000,0x000000000a660000)]
  0x0000000009f59800 JavaThread "pool-1-thread-2" [_thread_blocked, id=11684, stack(0x000000000a460000,0x000000000a560000)]
  0x0000000009f15000 JavaThread "pool-2-thread-1" [_thread_blocked, id=12924, stack(0x000000000a360000,0x000000000a460000)]
  0x0000000009f10800 JavaThread "pool-1-thread-1" [_thread_in_Java, id=21252, stack(0x000000000a260000,0x000000000a360000)]
  0x00000000084ff000 JavaThread "Service Thread" daemon [_thread_blocked, id=14564, stack(0x0000000009c60000,0x0000000009d60000)]
  0x00000000084fb800 JavaThread "C2 CompilerThread1" daemon [_thread_in_native, id=3084, stack(0x0000000009b60000,0x0000000009c60000)]
=>0x00000000084ee800 JavaThread "C2 CompilerThread0" daemon [_thread_in_native, id=12180, stack(0x0000000009a60000,0x0000000009b60000)]
  0x00000000084ed800 JavaThread "Attach Listener" daemon [_thread_blocked, id=20428, stack(0x0000000009960000,0x0000000009a60000)]
  0x00000000084e6800 JavaThread "Signal Dispatcher" daemon [_thread_blocked, id=20900, stack(0x0000000009860000,0x0000000009960000)]
  0x00000000084a9000 JavaThread "Finalizer" daemon [_thread_blocked, id=6048, stack(0x0000000009760000,0x0000000009860000)]
  0x00000000084a5800 JavaThread "Reference Handler" daemon [_thread_blocked, id=12176, stack(0x0000000009660000,0x0000000009760000)]
  0x000000000260d800 JavaThread "main" [_thread_blocked, id=12056, stack(0x0000000002470000,0x0000000002570000)]

Other Threads:
  0x00000000084a1800 VMThread [stack: 0x0000000009560000,0x0000000009660000] [id=10116]
  0x000000000850d000 WatcherThread [stack: 0x0000000009d60000,0x0000000009e60000] [id=17388]

VM state:not at safepoint (normal execution)

VM Mutex/Monitor currently owned by a thread: None

Heap
 PSYoungGen      total 35328K, used 12683K [0x00000000eaa80000, 0x00000000ecf80000, 0x0000000100000000)
  eden space 32768K, 30% used [0x00000000eaa80000,0x00000000eb464348,0x00000000eca80000)
  from space 2560K, 99% used [0x00000000ecd00000,0x00000000ecf7ea98,0x00000000ecf80000)
  to   space 2560K, 0% used [0x00000000eca80000,0x00000000eca80000,0x00000000ecd00000)
 ParOldGen       total 42496K, used 2884K [0x00000000c0000000, 0x00000000c2980000, 0x00000000eaa80000)
  object space 42496K, 6% used [0x00000000c0000000,0x00000000c02d1040,0x00000000c2980000)
 PSPermGen       total 21504K, used 5882K [0x00000000bae00000, 0x00000000bc300000, 0x00000000c0000000)
  object space 21504K, 27% used [0x00000000bae00000,0x00000000bb3be958,0x00000000bc300000)

Card table byte_map: [0x0000000005710000,0x0000000005940000] byte_map_base: 0x0000000005139000

Polling page: 0x0000000000b40000

Code Cache  [0x0000000002710000, 0x0000000002980000, 0x0000000005710000)
 total_blobs=503 nmethods=267 adapters=188 free_code_cache=48179Kb largest_free_block=49307136

Compilation events (10 events):
Event: 3.318 Thread 0x00000000084ee800 nmethod 264 0x0000000002802350 code [0x00000000028024a0, 0x00000000028025d8]
Event: 3.318 Thread 0x00000000084ee800  265             com.android.dx.ssa.SsaMethod$1::visitNonMoveInsn (26 bytes)
Event: 3.319 Thread 0x00000000084ee800 nmethod 265 0x0000000002806d90 code [0x0000000002806ee0, 0x0000000002806fd8]
Event: 3.319 Thread 0x00000000084ee800  266             com.android.dx.ssa.SsaMethod::blockIndexToRopLabel (21 bytes)
Event: 3.321 Thread 0x00000000084ee800 nmethod 266 0x0000000002803a10 code [0x0000000002803b60, 0x0000000002803c38]
Event: 3.321 Thread 0x00000000084ee800  267             com.android.dx.util.IntList::contains (14 bytes)
Event: 3.323 Thread 0x00000000084ee800 nmethod 267 0x00000000028034d0 code [0x0000000002803620, 0x00000000028037d8]
Event: 3.323 Thread 0x00000000084ee800  268             com.android.dx.rop.code.BasicBlockList::getInstructionCount (48 bytes)
Event: 3.327 Thread 0x00000000084ee800 nmethod 268 0x0000000002802fd0 code [0x0000000002803120, 0x00000000028032f8]
Event: 3.327 Thread 0x00000000084ee800  269             com.android.dx.dex.code.RopTranslator::pickOrder (400 bytes)

GC Heap History (4 events):
Event: 1.657 GC heap before
{Heap before GC invocations=1 (full 0):
 PSYoungGen      total 18944K, used 16384K [0x00000000eaa80000, 0x00000000ebf80000, 0x0000000100000000)
  eden space 16384K, 100% used [0x00000000eaa80000,0x00000000eba80000,0x00000000eba80000)
  from space 2560K, 0% used [0x00000000ebd00000,0x00000000ebd00000,0x00000000ebf80000)
  to   space 2560K, 0% used [0x00000000eba80000,0x00000000eba80000,0x00000000ebd00000)
 ParOldGen       total 42496K, used 0K [0x00000000c0000000, 0x00000000c2980000, 0x00000000eaa80000)
  object space 42496K, 0% used [0x00000000c0000000,0x00000000c0000000,0x00000000c2980000)
 PSPermGen       total 21504K, used 5624K [0x00000000bae00000, 0x00000000bc300000, 0x00000000c0000000)
  object space 21504K, 26% used [0x00000000bae00000,0x00000000bb37e160,0x00000000bc300000)
Event: 1.774 GC heap after
Heap after GC invocations=1 (full 0):
 PSYoungGen      total 18944K, used 2533K [0x00000000eaa80000, 0x00000000ecf80000, 0x0000000100000000)
  eden space 16384K, 0% used [0x00000000eaa80000,0x00000000eaa80000,0x00000000eba80000)
  from space 2560K, 98% used [0x00000000eba80000,0x00000000ebcf9608,0x00000000ebd00000)
  to   space 2560K, 0% used [0x00000000ecd00000,0x00000000ecd00000,0x00000000ecf80000)
 ParOldGen       total 42496K, used 1095K [0x00000000c0000000, 0x00000000c2980000, 0x00000000eaa80000)
  object space 42496K, 2% used [0x00000000c0000000,0x00000000c0111d28,0x00000000c2980000)
 PSPermGen       total 21504K, used 5624K [0x00000000bae00000, 0x00000000bc300000, 0x00000000c0000000)
  object space 21504K, 26% used [0x00000000bae00000,0x00000000bb37e160,0x00000000bc300000)
}
Event: 2.636 GC heap before
{Heap before GC invocations=2 (full 0):
 PSYoungGen      total 18944K, used 18917K [0x00000000eaa80000, 0x00000000ecf80000, 0x0000000100000000)
  eden space 16384K, 100% used [0x00000000eaa80000,0x00000000eba80000,0x00000000eba80000)
  from space 2560K, 98% used [0x00000000eba80000,0x00000000ebcf9608,0x00000000ebd00000)
  to   space 2560K, 0% used [0x00000000ecd00000,0x00000000ecd00000,0x00000000ecf80000)
 ParOldGen       total 42496K, used 1095K [0x00000000c0000000, 0x00000000c2980000, 0x00000000eaa80000)
  object space 42496K, 2% used [0x00000000c0000000,0x00000000c0111d28,0x00000000c2980000)
 PSPermGen       total 21504K, used 5847K [0x00000000bae00000, 0x00000000bc300000, 0x00000000c0000000)
  object space 21504K, 27% used [0x00000000bae00000,0x00000000bb3b5cc0,0x00000000bc300000)
Event: 2.643 GC heap after
Heap after GC invocations=2 (full 0):
 PSYoungGen      total 35328K, used 2554K [0x00000000eaa80000, 0x00000000ecf80000, 0x0000000100000000)
  eden space 32768K, 0% used [0x00000000eaa80000,0x00000000eaa80000,0x00000000eca80000)
  from space 2560K, 99% used [0x00000000ecd00000,0x00000000ecf7ea98,0x00000000ecf80000)
  to   space 2560K, 0% used [0x00000000eca80000,0x00000000eca80000,0x00000000ecd00000)
 ParOldGen       total 42496K, used 2884K [0x00000000c0000000, 0x00000000c2980000, 0x00000000eaa80000)
  object space 42496K, 6% used [0x00000000c0000000,0x00000000c02d1040,0x00000000c2980000)
 PSPermGen       total 21504K, used 5847K [0x00000000bae00000, 0x00000000bc300000, 0x00000000c0000000)
  object space 21504K, 27% used [0x00000000bae00000,0x00000000bb3b5cc0,0x00000000bc300000)
}

Deoptimization events (3 events):
Event: 1.848 Thread 0x000000000260d800 Uncommon trap: reason=class_check action=maybe_recompile pc=0x000000000278cb34 method=com.android.dx.ssa.NormalSsaInsn.accept(Lcom/android/dx/ssa/SsaInsn$Visitor;)V @ 9
Event: 1.856 Thread 0x000000000260d800 Uncommon trap: reason=class_check action=maybe_recompile pc=0x000000000278cb34 method=com.android.dx.ssa.NormalSsaInsn.accept(Lcom/android/dx/ssa/SsaInsn$Visitor;)V @ 9
Event: 3.273 Thread 0x000000000260d800 Uncommon trap: reason=null_check action=make_not_entrant pc=0x00000000027f2d8c method=com.android.dx.rop.type.Type.putIntern(Lcom/android/dx/rop/type/Type;)Lcom/android/dx/rop/type/Type; @ 18

Internal exceptions (10 events):
Event: 1.593 Thread 0x000000000260d800 Threw 0x00000000eb799b08 at C:\re\jdk7u79\2331\hotspot\src\share\vm\prims\jvm.cpp:1304
Event: 1.618 Thread 0x000000000260d800 Threw 0x00000000eba30c08 at C:\re\jdk7u79\2331\hotspot\src\share\vm\prims\jvm.cpp:1304
Event: 1.917 Thread 0x0000000009f10800 Threw 0x00000000eae031d8 at C:\re\jdk7u79\2331\hotspot\src\share\vm\prims\jvm.cpp:1304
Event: 2.203 Thread 0x000000000260d800 Threw 0x00000000eb0b39a8 at C:\re\jdk7u79\2331\hotspot\src\share\vm\prims\jvm.cpp:1304
Event: 2.203 Thread 0x000000000260d800 Threw 0x00000000eb0b6070 at C:\re\jdk7u79\2331\hotspot\src\share\vm\prims\jvm.cpp:1304
Event: 2.245 Thread 0x000000000a054800 Threw 0x00000000eb26f800 at C:\re\jdk7u79\2331\hotspot\src\share\vm\prims\jvm.cpp:1304
Event: 2.246 Thread 0x000000000a054800 Threw 0x00000000eb2750c8 at C:\re\jdk7u79\2331\hotspot\src\share\vm\prims\jvm.cpp:1304
Event: 2.247 Thread 0x000000000a054800 Threw 0x00000000eb27a718 at C:\re\jdk7u79\2331\hotspot\src\share\vm\prims\jvm.cpp:1304
Event: 2.649 Thread 0x000000000a054800 Threw 0x00000000eaaa99a0 at C:\re\jdk7u79\2331\hotspot\src\share\vm\prims\jvm.cpp:1304
Event: 3.273 Thread 0x000000000260d800 Implicit null exception at 0x00000000027f26ab to 0x00000000027f2d81

Events (10 events):
Event: 2.246 loading class 0x0000000009ff9b70 done
Event: 2.247 loading class 0x0000000009ff9ab0
Event: 2.247 loading class 0x0000000009ff9ab0 done
Event: 2.636 Executing VM operation: ParallelGCFailedAllocation
Event: 2.643 Executing VM operation: ParallelGCFailedAllocation done
Event: 2.649 loading class 0x0000000009eba840
Event: 2.649 loading class 0x0000000009eba840 done
Event: 3.273 Thread 0x000000000260d800 Uncommon trap: trap_request=0xfffffff4 fr.pc=0x00000000027f2d8c
Event: 3.273 Thread 0x000000000260d800 DEOPT PACKING pc=0x00000000027f2d8c sp=0x000000000256e810
Event: 3.273 Thread 0x000000000260d800 DEOPT UNPACKING pc=0x00000000027475a4 sp=0x000000000256e730 mode 2


Dynamic libraries:
0x00007ff793380000 - 0x00007ff7933b3000 	C:\Program Files\Java\jdk1.7.0_79\bin\java.exe
0x00007ff8b3f70000 - 0x00007ff8b4131000 	C:\WINDOWS\SYSTEM32\ntdll.dll
0x00007ff8b2530000 - 0x00007ff8b25dd000 	C:\WINDOWS\system32\KERNEL32.DLL
0x00007ff8b0df0000 - 0x00007ff8b0fd8000 	C:\WINDOWS\system32\KERNELBASE.dll
0x00007ff8b1bb0000 - 0x00007ff8b1c57000 	C:\WINDOWS\system32\ADVAPI32.dll
0x00007ff8b1900000 - 0x00007ff8b199d000 	C:\WINDOWS\system32\msvcrt.dll
0x00007ff8b20d0000 - 0x00007ff8b212b000 	C:\WINDOWS\system32\sechost.dll
0x00007ff8b3bf0000 - 0x00007ff8b3d0c000 	C:\WINDOWS\system32\RPCRT4.dll
0x00007ff8b1370000 - 0x00007ff8b14c6000 	C:\WINDOWS\system32\USER32.dll
0x00007ff8b19a0000 - 0x00007ff8b1b26000 	C:\WINDOWS\system32\GDI32.dll
0x00007ff8abf00000 - 0x00007ff8ac174000 	C:\WINDOWS\WinSxS\amd64_microsoft.windows.common-controls_6595b64144ccf1df_6.0.10586.494_none_a2d8b04ea53e3145\COMCTL32.dll
0x00007ff8b1d40000 - 0x00007ff8b1fbd000 	C:\WINDOWS\system32\combase.dll
0x00007ff8b1130000 - 0x00007ff8b119a000 	C:\WINDOWS\system32\bcryptPrimitives.dll
0x00007ff8b3dd0000 - 0x00007ff8b3e0b000 	C:\WINDOWS\system32\IMM32.DLL
0x0000000071220000 - 0x00000000712f2000 	C:\Program Files\Java\jdk1.7.0_79\jre\bin\msvcr100.dll
0x0000000071b60000 - 0x0000000072335000 	C:\Program Files\Java\jdk1.7.0_79\jre\bin\server\jvm.dll
0x00007ff8b3f60000 - 0x00007ff8b3f68000 	C:\WINDOWS\system32\PSAPI.DLL
0x00007ff88de20000 - 0x00007ff88de29000 	C:\WINDOWS\SYSTEM32\WSOCK32.dll
0x00007ff8b2300000 - 0x00007ff8b236b000 	C:\WINDOWS\system32\WS2_32.dll
0x00007ff8ae880000 - 0x00007ff8ae8a3000 	C:\WINDOWS\SYSTEM32\WINMM.dll
0x00007ff8ae690000 - 0x00007ff8ae6bc000 	C:\WINDOWS\SYSTEM32\WINMMBASE.dll
0x00007ff8b0620000 - 0x00007ff8b0663000 	C:\WINDOWS\system32\cfgmgr32.dll
0x0000000072520000 - 0x000000007252f000 	C:\Program Files\Java\jdk1.7.0_79\jre\bin\verify.dll
0x00000000724f0000 - 0x0000000072518000 	C:\Program Files\Java\jdk1.7.0_79\jre\bin\java.dll
0x0000000071a60000 - 0x0000000071a75000 	C:\Program Files\Java\jdk1.7.0_79\jre\bin\zip.dll
0x0000000071a40000 - 0x0000000071a5a000 	C:\Program Files\Java\jdk1.7.0_79\jre\bin\net.dll
0x00007ff8afe60000 - 0x00007ff8afebc000 	C:\WINDOWS\system32\mswsock.dll
0x0000000071a20000 - 0x0000000071a31000 	C:\Program Files\Java\jdk1.7.0_79\jre\bin\nio.dll

VM Arguments:
jvm_args: -Djava.awt.headless=true -Xmx1024M -Dfile.encoding=x-windows-874 -Duser.country=GB -Duser.language=en -Duser.variant 
java_command: com.android.dx.command.Main --dex --force-jumbo --num-threads=4 --output C:\AndroidStudioProjects\LeeCerBookApp\app\build\intermediates\pre-dexed\debug\com.google.android.gms-play-services-ads-lite-9.0.2_aa65e0188ae83e0f9e04bc756c4c5a457957139a.jar C:\AndroidStudioProjects\LeeCerBookApp\app\build\intermediates\exploded-aar\com.google.android.gms\play-services-ads-lite\9.0.2\jars\classes.jar
Launcher Type: SUN_STANDARD

Environment Variables:
JAVA_HOME=C:\Program Files\Java\jdk1.7.0_79
PATH=