#
# There is insufficient memory for the Java Runtime Environment to continue.
# Native memory allocation (malloc) failed to allocate 1453856 bytes for Chunk::new
# Possible reasons:
#   The system is out of physical RAM or swap space
#   In 32 bit mode, the process size limit was hit
# Possible solutions:
#   Reduce memory load on the system
#   Increase physical memory or swap space
#   Check if swap backing store is full
#   Use 64 bit Java on a 64 bit OS
#   Decrease Java heap size (-Xmx/-Xms)
#   Decrease number of Java threads
#   Decrease Java thread stack sizes (-Xss)
#   Set larger code cache with -XX:ReservedCodeCacheSize=
# This output file may be truncated or incomplete.
#
#  Out of Memory Error (allocation.cpp:323), pid=21428, tid=6288
#
# JRE version: Java(TM) SE Runtime Environment (7.0_79-b15) (build 1.7.0_79-b15)
# Java VM: Java HotSpot(TM) 64-Bit Server VM (24.79-b02 mixed mode windows-amd64 compressed oops)
# Failed to write core dump. Minidumps are not enabled by default on client versions of Windows
#

---------------  T H R E A D  ---------------

Current thread (0x000000000830d800):  JavaThread "C2 CompilerThread1" daemon [_thread_in_native, id=6288, stack(0x0000000009970000,0x0000000009a70000)]

Stack: [0x0000000009970000,0x0000000009a70000]

Current CompileTask:
C2:  17148  612   !         com.android.dx.cf.code.BytecodeArray::parseInstruction (2764 bytes)


---------------  P R O C E S S  ---------------

Java Threads: ( => current thread )
  0x0000000009dc9800 JavaThread "pool-1-thread-4" [_thread_blocked, id=10208, stack(0x000000000a470000,0x000000000a570000)]
  0x0000000009ecc800 JavaThread "pool-1-thread-3" [_thread_blocked, id=11352, stack(0x000000000a370000,0x000000000a470000)]
  0x0000000009dcc000 JavaThread "pool-1-thread-2" [_thread_blocked, id=20592, stack(0x000000000a270000,0x000000000a370000)]
  0x0000000009dc6800 JavaThread "pool-2-thread-1" [_thread_blocked, id=8176, stack(0x000000000a170000,0x000000000a270000)]
  0x0000000009dc5800 JavaThread "pool-1-thread-1" [_thread_blocked, id=19580, stack(0x000000000a070000,0x000000000a170000)]
  0x000000000831f800 JavaThread "Service Thread" daemon [_thread_blocked, id=21120, stack(0x0000000009a70000,0x0000000009b70000)]
=>0x000000000830d800 JavaThread "C2 CompilerThread1" daemon [_thread_in_native, id=6288, stack(0x0000000009970000,0x0000000009a70000)]
  0x000000000830b800 JavaThread "C2 CompilerThread0" daemon [_thread_in_native, id=14612, stack(0x0000000009870000,0x0000000009970000)]
  0x000000000830a800 JavaThread "Attach Listener" daemon [_thread_blocked, id=13224, stack(0x0000000009770000,0x0000000009870000)]
  0x0000000008307800 JavaThread "Signal Dispatcher" daemon [_thread_blocked, id=16220, stack(0x0000000009670000,0x0000000009770000)]
  0x00000000082ce800 JavaThread "Finalizer" daemon [_thread_blocked, id=3276, stack(0x0000000009570000,0x0000000009670000)]
  0x00000000082c5800 JavaThread "Reference Handler" daemon [_thread_blocked, id=20196, stack(0x0000000009470000,0x0000000009570000)]
  0x000000000246d800 JavaThread "main" [_thread_blocked, id=1048, stack(0x0000000002160000,0x0000000002260000)]

Other Threads:
  0x00000000082c1800 VMThread [stack: 0x0000000009370000,0x0000000009470000] [id=12524]
  0x000000000832d000 WatcherThread [stack: 0x0000000009b70000,0x0000000009c70000] [id=3356]

VM state:at safepoint (normal execution)

VM Mutex/Monitor currently owned by a thread:  ([mutex/lock_event])
[0x000000000246d570] Threads_lock - owner thread: 0x00000000082c1800
[0x000000000246cdf0] Heap_lock - owner thread: 0x0000000009dc9800

Heap
 PSYoungGen      total 159232K, used 159202K [0x00000000eaa80000, 0x00000000fa200000, 0x0000000100000000)
  eden space 109568K, 100% used [0x00000000eaa80000,0x00000000f1580000,0x00000000f1580000)
  from space 49664K, 99% used [0x00000000f7180000,0x00000000fa1f8af8,0x00000000fa200000)
  to   space 33280K, 3% used [0x00000000f1580000,0x00000000f1684b60,0x00000000f3600000)
 ParOldGen       total 145408K, used 85338K [0x00000000c0000000, 0x00000000c8e00000, 0x00000000eaa80000)
  object space 145408K, 58% used [0x00000000c0000000,0x00000000c5364a98,0x00000000c8e00000)
 PSPermGen       total 21504K, used 6044K [0x00000000bae00000, 0x00000000bc300000, 0x00000000c0000000)
  object space 21504K, 28% used [0x00000000bae00000,0x00000000bb3e7230,0x00000000bc300000)

Card table byte_map: [0x0000000005530000,0x0000000005760000] byte_map_base: 0x0000000004f59000

Polling page: 0x0000000000a90000

Code Cache  [0x0000000002470000, 0x00000000026f0000, 0x0000000005470000)
 total_blobs=838 nmethods=602 adapters=188 free_code_cache=46746Kb largest_free_block=47758272

Compilation events (10 events):
Event: 16.863 Thread 0x000000000830b800  608             com.android.dx.ssa.DeadCodeRemover$NoSideEffectVisitor::visitPhiInsn (22 bytes)
Event: 16.869 Thread 0x000000000830b800 nmethod 608 0x0000000002650e90 code [0x0000000002650fe0, 0x00000000026512f8]
Event: 16.930 Thread 0x000000000830d800  610             sun.misc.VM::isBooted (4 bytes)
Event: 16.930 Thread 0x000000000830d800 nmethod 610 0x000000000264e450 code [0x000000000264e580, 0x000000000264e5d8]
Event: 16.936 Thread 0x000000000830b800  611             com.android.dx.ssa.SsaMethod::onInsnRemoved (43 bytes)
Event: 16.938 Thread 0x000000000830b800 nmethod 611 0x0000000002650610 code [0x0000000002650780, 0x00000000026508f8]
Event: 16.979 Thread 0x000000000830d800  612   !         com.android.dx.cf.code.BytecodeArray::parseInstruction (2764 bytes)
Event: 16.980 Thread 0x000000000830b800  613             java.util.HashMap::initHashSeedAsNeeded (61 bytes)
Event: 16.982 Thread 0x000000000830b800 nmethod 613 0x0000000002650350 code [0x00000000026504a0, 0x0000000002650568]
Event: 16.982 Thread 0x000000000830b800  614 % !         com.android.dx.cf.code.Ropper::doit @ 21 (126 bytes)

GC Heap History (10 events):
Event: 14.664 GC heap after
Heap after GC invocations=8 (full 1):
 PSYoungGen      total 74240K, used 2033K [0x00000000eaa80000, 0x00000000f5680000, 0x0000000100000000)
  eden space 65024K, 0% used [0x00000000eaa80000,0x00000000eaa80000,0x00000000eea00000)
  from space 9216K, 22% used [0x00000000eea00000,0x00000000eebfc620,0x00000000ef300000)
  to   space 23040K, 0% used [0x00000000f4000000,0x00000000f4000000,0x00000000f5680000)
 ParOldGen       total 80896K, used 42240K [0x00000000c0000000, 0x00000000c4f00000, 0x00000000eaa80000)
  object space 80896K, 52% used [0x00000000c0000000,0x00000000c29403b0,0x00000000c4f00000)
 PSPermGen       total 21504K, used 6008K [0x00000000bae00000, 0x00000000bc300000, 0x00000000c0000000)
  object space 21504K, 27% used [0x00000000bae00000,0x00000000bb3de0c8,0x00000000bc300000)
}
Event: 14.745 GC heap before
{Heap before GC invocations=9 (full 1):
 PSYoungGen      total 74240K, used 67057K [0x00000000eaa80000, 0x00000000f5680000, 0x0000000100000000)
  eden space 65024K, 100% used [0x00000000eaa80000,0x00000000eea00000,0x00000000eea00000)
  from space 9216K, 22% used [0x00000000eea00000,0x00000000eebfc620,0x00000000ef300000)
  to   space 23040K, 0% used [0x00000000f4000000,0x00000000f4000000,0x00000000f5680000)
 ParOldGen       total 80896K, used 42240K [0x00000000c0000000, 0x00000000c4f00000, 0x00000000eaa80000)
  object space 80896K, 52% used [0x00000000c0000000,0x00000000c29403b0,0x00000000c4f00000)
 PSPermGen       total 21504K, used 6008K [0x00000000bae00000, 0x00000000bc300000, 0x00000000c0000000)
  object space 21504K, 27% used [0x00000000bae00000,0x00000000bb3de0c8,0x00000000bc300000)
Event: 14.781 GC heap after
Heap after GC invocations=9 (full 1):
 PSYoungGen      total 130560K, used 23009K [0x00000000eaa80000, 0x00000000f5680000, 0x0000000100000000)
  eden space 107520K, 0% used [0x00000000eaa80000,0x00000000eaa80000,0x00000000f1380000)
  from space 23040K, 99% used [0x00000000f4000000,0x00000000f5678790,0x00000000f5680000)
  to   space 33280K, 0% used [0x00000000f1580000,0x00000000f1580000,0x00000000f3600000)
 ParOldGen       total 80896K, used 55527K [0x00000000c0000000, 0x00000000c4f00000, 0x00000000eaa80000)
  object space 80896K, 68% used [0x00000000c0000000,0x00000000c3639e78,0x00000000c4f00000)
 PSPermGen       total 21504K, used 6008K [0x00000000bae00000, 0x00000000bc300000, 0x00000000c0000000)
  object space 21504K, 27% used [0x00000000bae00000,0x00000000bb3de0c8,0x00000000bc300000)
}
Event: 15.123 GC heap before
{Heap before GC invocations=10 (full 1):
 PSYoungGen      total 130560K, used 130529K [0x00000000eaa80000, 0x00000000f5680000, 0x0000000100000000)
  eden space 107520K, 100% used [0x00000000eaa80000,0x00000000f1380000,0x00000000f1380000)
  from space 23040K, 99% used [0x00000000f4000000,0x00000000f5678790,0x00000000f5680000)
  to   space 33280K, 0% used [0x00000000f1580000,0x00000000f1580000,0x00000000f3600000)
 ParOldGen       total 80896K, used 55527K [0x00000000c0000000, 0x00000000c4f00000, 0x00000000eaa80000)
  object space 80896K, 68% used [0x00000000c0000000,0x00000000c3639e78,0x00000000c4f00000)
 PSPermGen       total 21504K, used 6022K [0x00000000bae00000, 0x00000000bc300000, 0x00000000c0000000)
  object space 21504K, 28% used [0x00000000bae00000,0x00000000bb3e1938,0x00000000bc300000)
Event: 15.194 GC heap after
Heap after GC invocations=10 (full 1):
 PSYoungGen      total 142848K, used 33257K [0x00000000eaa80000, 0x00000000fa200000, 0x0000000100000000)
  eden space 109568K, 0% used [0x00000000eaa80000,0x00000000eaa80000,0x00000000f1580000)
  from space 33280K, 99% used [0x00000000f1580000,0x00000000f35fa700,0x00000000f3600000)
  to   space 49664K, 0% used [0x00000000f7180000,0x00000000f7180000,0x00000000fa200000)
 ParOldGen       total 81920K, used 81616K [0x00000000c0000000, 0x00000000c5000000, 0x00000000eaa80000)
  object space 81920K, 99% used [0x00000000c0000000,0x00000000c4fb4078,0x00000000c5000000)
 PSPermGen       total 21504K, used 6022K [0x00000000bae00000, 0x00000000bc300000, 0x00000000c0000000)
  object space 21504K, 28% used [0x00000000bae00000,0x00000000bb3e1938,0x00000000bc300000)
}
Event: 15.194 GC heap before
{Heap before GC invocations=11 (full 2):
 PSYoungGen      total 142848K, used 33257K [0x00000000eaa80000, 0x00000000fa200000, 0x0000000100000000)
  eden space 109568K, 0% used [0x00000000eaa80000,0x00000000eaa80000,0x00000000f1580000)
  from space 33280K, 99% used [0x00000000f1580000,0x00000000f35fa700,0x00000000f3600000)
  to   space 49664K, 0% used [0x00000000f7180000,0x00000000f7180000,0x00000000fa200000)
 ParOldGen       total 81920K, used 81616K [0x00000000c0000000, 0x00000000c5000000, 0x00000000eaa80000)
  object space 81920K, 99% used [0x00000000c0000000,0x00000000c4fb4078,0x00000000c5000000)
 PSPermGen       total 21504K, used 6022K [0x00000000bae00000, 0x00000000bc300000, 0x00000000c0000000)
  object space 21504K, 28% used [0x00000000bae00000,0x00000000bb3e1938,0x00000000bc300000)
Event: 15.724 GC heap after
Heap after GC invocations=11 (full 2):
 PSYoungGen      total 142848K, used 27052K [0x00000000eaa80000, 0x00000000fa200000, 0x0000000100000000)
  eden space 109568K, 0% used [0x00000000eaa80000,0x00000000eaa80000,0x00000000f1580000)
  from space 33280K, 81% used [0x00000000f1580000,0x00000000f2feb1e8,0x00000000f3600000)
  to   space 49664K, 0% used [0x00000000f7180000,0x00000000f7180000,0x00000000fa200000)
 ParOldGen       total 81920K, used 81551K [0x00000000c0000000, 0x00000000c5000000, 0x00000000eaa80000)
  object space 81920K, 99% used [0x00000000c0000000,0x00000000c4fa3cd0,0x00000000c5000000)
 PSPermGen       total 21504K, used 6022K [0x00000000bae00000, 0x00000000bc300000, 0x00000000c0000000)
  object space 21504K, 28% used [0x00000000bae00000,0x00000000bb3e1938,0x00000000bc300000)
}
Event: 16.487 GC heap before
{Heap before GC invocations=12 (full 3):
 PSYoungGen      total 142848K, used 136620K [0x00000000eaa80000, 0x00000000fa200000, 0x0000000100000000)
  eden space 109568K, 100% used [0x00000000eaa80000,0x00000000f1580000,0x00000000f1580000)
  from space 33280K, 81% used [0x00000000f1580000,0x00000000f2feb1e8,0x00000000f3600000)
  to   space 49664K, 0% used [0x00000000f7180000,0x00000000f7180000,0x00000000fa200000)
 ParOldGen       total 81920K, used 81551K [0x00000000c0000000, 0x00000000c5000000, 0x00000000eaa80000)
  object space 81920K, 99% used [0x00000000c0000000,0x00000000c4fa3cd0,0x00000000c5000000)
 PSPermGen       total 21504K, used 6031K [0x00000000bae00000, 0x00000000bc300000, 0x00000000c0000000)
  object space 21504K, 28% used [0x00000000bae00000,0x00000000bb3e3c68,0x00000000bc300000)
Event: 16.849 GC heap after
Heap after GC invocations=12 (full 3):
 PSYoungGen      total 142848K, used 0K [0x00000000eaa80000, 0x00000000fa200000, 0x0000000100000000)
  eden space 109568K, 0% used [0x00000000eaa80000,0x00000000eaa80000,0x00000000f1580000)
  from space 33280K, 0% used [0x00000000f1580000,0x00000000f1580000,0x00000000f3600000)
  to   space 49664K, 0% used [0x00000000f7180000,0x00000000f7180000,0x00000000fa200000)
 ParOldGen       total 145408K, used 63864K [0x00000000c0000000, 0x00000000c8e00000, 0x00000000eaa80000)
  object space 145408K, 43% used [0x00000000c0000000,0x00000000c3e5e050,0x00000000c8e00000)
 PSPermGen       total 21504K, used 6030K [0x00000000bae00000, 0x00000000bc300000, 0x00000000c0000000)
  object space 21504K, 28% used [0x00000000bae00000,0x00000000bb3e3b08,0x00000000bc300000)
}
Event: 17.019 GC heap before
{Heap before GC invocations=13 (full 3):
 PSYoungGen      total 142848K, used 109568K [0x00000000eaa80000, 0x00000000fa200000, 0x0000000100000000)
  eden space 109568K, 100% used [0x00000000eaa80000,0x00000000f1580000,0x00000000f1580000)
  from space 33280K, 0% used [0x00000000f1580000,0x00000000f1580000,0x00000000f3600000)
  to   space 49664K, 0% used [0x00000000f7180000,0x00000000f7180000,0x00000000fa200000)
 ParOldGen       total 145408K, used 63864K [0x00000000c0000000, 0x00000000c8e00000, 0x00000000eaa80000)
  object space 145408K, 43% used [0x00000000c0000000,0x00000000c3e5e050,0x00000000c8e00000)
 PSPermGen       total 21504K, used 6037K [0x00000000bae00000, 0x00000000bc300000, 0x00000000c0000000)
  object space 21504K, 28% used [0x00000000bae00000,0x00000000bb3e57d8,0x00000000bc300000)

Deoptimization events (10 events):
Event: 15.939 Thread 0x000000000246d800 Uncommon trap: reason=bimorphic action=maybe_recompile pc=0x0000000002602620 method=com.android.dx.cf.code.RopperMachine.run(Lcom/android/dx/cf/code/Frame;II)V @ 310
Event: 15.945 Thread 0x000000000246d800 Uncommon trap: reason=unreached action=reinterpret pc=0x000000000256e03c method=com.android.dx.ssa.SCCP.simulateMath(Lcom/android/dx/ssa/SsaInsn;I)Lcom/android/dx/rop/cst/Constant; @ 121
Event: 15.957 Thread 0x000000000246d800 Uncommon trap: reason=unloaded action=reinterpret pc=0x0000000002675ac8 method=com.android.dx.cf.code.Ropper.addReturnBlock()V @ 45
Event: 16.133 Thread 0x000000000246d800 Uncommon trap: reason=bimorphic action=maybe_recompile pc=0x00000000026b76ac method=com.android.dx.cf.code.BytecodeArray.parseInstruction(ILcom/android/dx/cf/code/BytecodeArray$Visitor;)I @ 1357
Event: 16.134 Thread 0x000000000246d800 Uncommon trap: reason=bimorphic action=maybe_recompile pc=0x00000000026b76ac method=com.android.dx.cf.code.BytecodeArray.parseInstruction(ILcom/android/dx/cf/code/BytecodeArray$Visitor;)I @ 1357
Event: 16.228 Thread 0x000000000246d800 Uncommon trap: reason=null_check action=make_not_entrant pc=0x0000000002651f08 method=com.android.dx.rop.cst.CstKnownNull.equals(Ljava/lang/Object;)Z @ 1
Event: 16.355 Thread 0x000000000246d800 Uncommon trap: reason=class_check action=maybe_recompile pc=0x000000000260bcd0 method=com.android.dx.ssa.SCCP.replaceConstants()V @ 182
Event: 16.355 Thread 0x000000000246d800 Uncommon trap: reason=class_check action=maybe_recompile pc=0x00000000026455c4 method=com.android.dx.ssa.NormalSsaInsn.changeOneSource(ILcom/android/dx/rop/code/RegisterSpec;)V @ 113
Event: 16.977 Thread 0x000000000246d800 Uncommon trap: reason=bimorphic action=maybe_recompile pc=0x00000000026d5bfc method=com.android.dx.cf.code.BytecodeArray.parseInstruction(ILcom/android/dx/cf/code/BytecodeArray$Visitor;)I @ 1501
Event: 16.977 Thread 0x000000000246d800 Uncommon trap: reason=bimorphic action=maybe_recompile pc=0x00000000026d5bfc method=com.android.dx.cf.code.BytecodeArray.parseInstruction(ILcom/android/dx/cf/code/BytecodeArray$Visitor;)I @ 1501

Internal exceptions (10 events):
Event: 11.148 Thread 0x0000000009dc5800 Threw 0x00000000eaf0f300 at C:\re\jdk7u79\2331\hotspot\src\share\vm\prims\jvm.cpp:1304
Event: 11.149 Thread 0x0000000009dc5800 Threw 0x00000000eaf14898 at C:\re\jdk7u79\2331\hotspot\src\share\vm\prims\jvm.cpp:1304
Event: 11.798 Thread 0x0000000009dcc000 Implicit null exception at 0x00000000025e77d4 to 0x00000000025e8454
Event: 11.909 Thread 0x0000000009dc9800 Threw 0x00000000ec009f10 at C:\re\jdk7u79\2331\hotspot\src\share\vm\prims\jvm.cpp:1304
Event: 12.009 Thread 0x0000000009dc5800 Implicit null exception at 0x000000000264f098 to 0x000000000264fc0d
Event: 12.222 Thread 0x0000000009dc5800 Threw 0x00000000eb7044a0 at C:\re\jdk7u79\2331\hotspot\src\share\vm\prims\jvm.cpp:1304
Event: 12.528 Thread 0x0000000009dc5800 Threw 0x00000000eca21ea8 at C:\re\jdk7u79\2331\hotspot\src\share\vm\prims\jvm.cpp:1304
Event: 14.800 Thread 0x0000000009dc9800 Threw 0x00000000ed3c9d98 at C:\re\jdk7u79\2331\hotspot\src\share\vm\prims\jvm.cpp:1304
Event: 14.814 Thread 0x0000000009dc9800 Threw 0x00000000ed4a90e0 at C:\re\jdk7u79\2331\hotspot\src\share\vm\prims\jvm.cpp:1304
Event: 16.228 Thread 0x000000000246d800 Implicit null exception at 0x0000000002651edc to 0x0000000002651efe

Events (10 events):
Event: 16.355 Thread 0x000000000246d800 DEOPT UNPACKING pc=0x00000000024a75a4 sp=0x000000000225e400 mode 2
Event: 16.486 Executing VM operation: ParallelGCFailedAllocation
Event: 16.850 Executing VM operation: ParallelGCFailedAllocation done
Event: 16.977 Thread 0x000000000246d800 Uncommon trap: trap_request=0xffffffc6 fr.pc=0x00000000026d5bfc
Event: 16.977 Thread 0x000000000246d800 DEOPT PACKING pc=0x00000000026d5bfc sp=0x000000000225e3e0
Event: 16.977 Thread 0x000000000246d800 DEOPT UNPACKING pc=0x00000000024a75a4 sp=0x000000000225e360 mode 2
Event: 16.977 Thread 0x000000000246d800 Uncommon trap: trap_request=0xffffffc6 fr.pc=0x00000000026d5bfc
Event: 16.977 Thread 0x000000000246d800 DEOPT PACKING pc=0x00000000026d5bfc sp=0x000000000225e440
Event: 16.977 Thread 0x000000000246d800 DEOPT UNPACKING pc=0x00000000024a75a4 sp=0x000000000225e3c0 mode 2
Event: 17.018 Executing VM operation: ParallelGCFailedAllocation


Dynamic libraries:
0x00007ff793380000 - 0x00007ff7933b3000 	C:\Program Files\Java\jdk1.7.0_79\bin\java.exe
0x00007ff8b3f70000 - 0x00007ff8b4131000 	C:\WINDOWS\SYSTEM32\ntdll.dll
0x00007ff8b2530000 - 0x00007ff8b25dd000 	C:\WINDOWS\system32\KERNEL32.DLL
0x00007ff8b0df0000 - 0x00007ff8b0fd8000 	C:\WINDOWS\system32\KERNELBASE.dll
0x00007ff8b1bb0000 - 0x00007ff8b1c57000 	C:\WINDOWS\system32\ADVAPI32.dll
0x00007ff8b1900000 - 0x00007ff8b199d000 	C:\WINDOWS\system32\msvcrt.dll
0x00007ff8b20d0000 - 0x00007ff8b212b000 	C:\WINDOWS\system32\sechost.dll
0x00007ff8b3bf0000 - 0x00007ff8b3d0c000 	C:\WINDOWS\system32\RPCRT4.dll
0x00007ff8b1370000 - 0x00007ff8b14c6000 	C:\WINDOWS\system32\USER32.dll
0x00007ff8b19a0000 - 0x00007ff8b1b26000 	C:\WINDOWS\system32\GDI32.dll
0x00007ff8abf00000 - 0x00007ff8ac174000 	C:\WINDOWS\WinSxS\amd64_microsoft.windows.common-controls_6595b64144ccf1df_6.0.10586.494_none_a2d8b04ea53e3145\COMCTL32.dll
0x00007ff8b1d40000 - 0x00007ff8b1fbd000 	C:\WINDOWS\system32\combase.dll
0x00007ff8b1130000 - 0x00007ff8b119a000 	C:\WINDOWS\system32\bcryptPrimitives.dll
0x00007ff8b3dd0000 - 0x00007ff8b3e0b000 	C:\WINDOWS\system32\IMM32.DLL
0x0000000071220000 - 0x00000000712f2000 	C:\Program Files\Java\jdk1.7.0_79\jre\bin\msvcr100.dll
0x0000000071b60000 - 0x0000000072335000 	C:\Program Files\Java\jdk1.7.0_79\jre\bin\server\jvm.dll
0x00007ff8b3f60000 - 0x00007ff8b3f68000 	C:\WINDOWS\system32\PSAPI.DLL
0x00007ff88de20000 - 0x00007ff88de29000 	C:\WINDOWS\SYSTEM32\WSOCK32.dll
0x00007ff8b2300000 - 0x00007ff8b236b000 	C:\WINDOWS\system32\WS2_32.dll
0x00007ff8ae880000 - 0x00007ff8ae8a3000 	C:\WINDOWS\SYSTEM32\WINMM.dll
0x00007ff8ae690000 - 0x00007ff8ae6bc000 	C:\WINDOWS\SYSTEM32\WINMMBASE.dll
0x00007ff8b0620000 - 0x00007ff8b0663000 	C:\WINDOWS\system32\cfgmgr32.dll
0x0000000072520000 - 0x000000007252f000 	C:\Program Files\Java\jdk1.7.0_79\jre\bin\verify.dll
0x00000000724f0000 - 0x0000000072518000 	C:\Program Files\Java\jdk1.7.0_79\jre\bin\java.dll
0x0000000071a60000 - 0x0000000071a75000 	C:\Program Files\Java\jdk1.7.0_79\jre\bin\zip.dll
0x0000000071a40000 - 0x0000000071a5a000 	C:\Program Files\Java\jdk1.7.0_79\jre\bin\net.dll
0x00007ff8afe60000 - 0x00007ff8afebc000 	C:\WINDOWS\system32\mswsock.dll
0x0000000071a20000 - 0x0000000071a31000 	C:\Program Files\Java\jdk1.7.0_79\jre\bin\nio.dll

VM Arguments:
jvm_args: -Djava.awt.headless=true -Xmx1024M -Dfile.encoding=x-windows-874 -Duser.country=GB -Duser.language=en -Duser.variant 
java_command: com.android.dx.command.Main --dex --force-jumbo --num-threads=4 --output C:\AndroidStudioProjects\LeeCerBookApp\app\build\intermediates\pre-dexed\debug\com.google.android.gms-play-services-ads-9.0.2_5dfdfdd2b8ce9fb689d2d8674e4d59d53dc280a5.jar C:\AndroidStudioProjects\LeeCerBookApp\app\build\intermediates\exploded-aar\com.google.android.gms\play-services-ads\9.0.2\jars\classes.jar
Launcher Type: SUN_STANDARD

Environment Variables:
JAVA_HOME=C:\Program Files\Java\jdk1.7.0_79
PATH=
[error occurred during error reporting (printing environment variables), id 0xc0000005]



---------------  S Y S T E M  ---------------

OS: Windows 8.1 , 64 bit Build 9600 

CPU:total 4 (2 cores per cpu, 2 threads per core) family 6 model 69 stepping 1, cmov, cx8, fxsr, mmx, sse, sse2, sse3, ssse3, sse4.1, sse4.2, popcnt, avx, avx2, aes, erms, ht, tsc, tscinvbit

Memory: 4k page, physical 4083992k(127836k free), swap 16666904k(19928k free)

vm_info: Java HotSpot(TM) 64-Bit Server VM (24.79-b02) for windows-amd64 JRE (1.7.0_79-b15), built on Apr 10 2015 12:36:16 by "java_re" with unknown MS VC++:1600

time: Tue Aug 09 20:54:15 2016
elapsed time: 17 seconds

